# JRE version: Java(TM) SE Runtime Environment (8.0_45-b15) (build 1.8.0_45-b15)
# Java VM: Java HotSpot(TM) 64-Bit Server VM (25.45-b02 mixed mode windows-amd64 compressed oops)
Heap:
 PSYoungGen      total 161792K, used 43926K [0x00000000eab00000, 0x00000000f6080000, 0x0000000100000000)
  eden space 148992K, 29% used [0x00000000eab00000,0x00000000ed5e5948,0x00000000f3c80000)
  from space 12800K, 0% used [0x00000000f4d00000,0x00000000f4d00000,0x00000000f5980000)
  to   space 16896K, 0% used [0x00000000f3c80000,0x00000000f3c80000,0x00000000f4d00000)
 ParOldGen       total 100352K, used 24285K [0x00000000c0000000, 0x00000000c6200000, 0x00000000eab00000)
  object space 100352K, 24% used [0x00000000c0000000,0x00000000c17b7618,0x00000000c6200000)
 Metaspace       used 36191K, capacity 37298K, committed 37416K, reserved 1081344K
  class space    used 4878K, capacity 5306K, committed 5416K, reserved 1048576K
GC Heap History (10 events):
Event: 14.392 GC heap before
{Heap before GC invocations=10 (full 1):
 PSYoungGen      total 86528K, used 76920K [0x00000000eab00000, 0x00000000f0b00000, 0x0000000100000000)
  eden space 75264K, 100% used [0x00000000eab00000,0x00000000ef480000,0x00000000ef480000)
  from space 11264K, 14% used [0x00000000eff80000,0x00000000f011e0f0,0x00000000f0a80000)
  to   space 11264K, 0% used [0x00000000ef480000,0x00000000ef480000,0x00000000eff80000)
 ParOldGen       total 60928K, used 8975K [0x00000000c0000000, 0x00000000c3b80000, 0x00000000eab00000)
  object space 60928K, 14% used [0x00000000c0000000,0x00000000c08c3f90,0x00000000c3b80000)
 Metaspace       used 22249K, capacity 22806K, committed 22912K, reserved 1069056K
  class space    used 2936K, capacity 3110K, committed 3200K, reserved 1048576K
Event: 14.398 GC heap after
Heap after GC invocations=10 (full 1):
 PSYoungGen      total 86528K, used 1944K [0x00000000eab00000, 0x00000000f2800000, 0x0000000100000000)
  eden space 75264K, 0% used [0x00000000eab00000,0x00000000eab00000,0x00000000ef480000)
  from space 11264K, 17% used [0x00000000ef480000,0x00000000ef6660f0,0x00000000eff80000)
  to   space 10752K, 0% used [0x00000000f1d80000,0x00000000f1d80000,0x00000000f2800000)
 ParOldGen       total 60928K, used 8983K [0x00000000c0000000, 0x00000000c3b80000, 0x00000000eab00000)
  object space 60928K, 14% used [0x00000000c0000000,0x00000000c08c5f90,0x00000000c3b80000)
 Metaspace       used 22249K, capacity 22806K, committed 22912K, reserved 1069056K
  class space    used 2936K, capacity 3110K, committed 3200K, reserved 1048576K
}
Event: 15.089 GC heap before
{Heap before GC invocations=11 (full 1):
 PSYoungGen      total 86528K, used 77208K [0x00000000eab00000, 0x00000000f2800000, 0x0000000100000000)
  eden space 75264K, 100% used [0x00000000eab00000,0x00000000ef480000,0x00000000ef480000)
  from space 11264K, 17% used [0x00000000ef480000,0x00000000ef6660f0,0x00000000eff80000)
  to   space 10752K, 0% used [0x00000000f1d80000,0x00000000f1d80000,0x00000000f2800000)
 ParOldGen       total 60928K, used 8983K [0x00000000c0000000, 0x00000000c3b80000, 0x00000000eab00000)
  object space 60928K, 14% used [0x00000000c0000000,0x00000000c08c5f90,0x00000000c3b80000)
 Metaspace       used 22250K, capacity 22806K, committed 22912K, reserved 1069056K
  class space    used 2936K, capacity 3110K, committed 3200K, reserved 1048576K
Event: 15.122 GC heap after
Heap after GC invocations=11 (full 1):
 PSYoungGen      total 117248K, used 1408K [0x00000000eab00000, 0x00000000f2b80000, 0x0000000100000000)
  eden space 106496K, 0% used [0x00000000eab00000,0x00000000eab00000,0x00000000f1300000)
  from space 10752K, 13% used [0x00000000f1d80000,0x00000000f1ee0020,0x00000000f2800000)
  to   space 10752K, 0% used [0x00000000f1300000,0x00000000f1300000,0x00000000f1d80000)
 ParOldGen       total 60928K, used 9936K [0x00000000c0000000, 0x00000000c3b80000, 0x00000000eab00000)
  object space 60928K, 16% used [0x00000000c0000000,0x00000000c09b40e0,0x00000000c3b80000)
 Metaspace       used 22250K, capacity 22806K, committed 22912K, reserved 1069056K
  class space    used 2936K, capacity 3110K, committed 3200K, reserved 1048576K
}
Event: 19.836 GC heap before
{Heap before GC invocations=12 (full 1):
 PSYoungGen      total 117248K, used 107904K [0x00000000eab00000, 0x00000000f2b80000, 0x0000000100000000)
  eden space 106496K, 100% used [0x00000000eab00000,0x00000000f1300000,0x00000000f1300000)
  from space 10752K, 13% used [0x00000000f1d80000,0x00000000f1ee0020,0x00000000f2800000)
  to   space 10752K, 0% used [0x00000000f1300000,0x00000000f1300000,0x00000000f1d80000)
 ParOldGen       total 60928K, used 9936K [0x00000000c0000000, 0x00000000c3b80000, 0x00000000eab00000)
  object space 60928K, 16% used [0x00000000c0000000,0x00000000c09b40e0,0x00000000c3b80000)
 Metaspace       used 27227K, capacity 28022K, committed 28288K, reserved 1073152K
  class space    used 3656K, capacity 3948K, committed 3968K, reserved 1048576K
Event: 19.869 GC heap after
Heap after GC invocations=12 (full 1):
 PSYoungGen      total 117248K, used 10741K [0x00000000eab00000, 0x00000000f5980000, 0x0000000100000000)
  eden space 106496K, 0% used [0x00000000eab00000,0x00000000eab00000,0x00000000f1300000)
  from space 10752K, 99% used [0x00000000f1300000,0x00000000f1d7d530,0x00000000f1d80000)
  to   space 12800K, 0% used [0x00000000f4d00000,0x00000000f4d00000,0x00000000f5980000)
 ParOldGen       total 60928K, used 10716K [0x00000000c0000000, 0x00000000c3b80000, 0x00000000eab00000)
  object space 60928K, 17% used [0x00000000c0000000,0x00000000c0a773a0,0x00000000c3b80000)
 Metaspace       used 27227K, capacity 28022K, committed 28288K, reserved 1073152K
  class space    used 3656K, capacity 3948K, committed 3968K, reserved 1048576K
}
Event: 26.528 GC heap before
{Heap before GC invocations=13 (full 1):
 PSYoungGen      total 117248K, used 115003K [0x00000000eab00000, 0x00000000f5980000, 0x0000000100000000)
  eden space 106496K, 97% used [0x00000000eab00000,0x00000000f10d17c0,0x00000000f1300000)
  from space 10752K, 99% used [0x00000000f1300000,0x00000000f1d7d530,0x00000000f1d80000)
  to   space 12800K, 0% used [0x00000000f4d00000,0x00000000f4d00000,0x00000000f5980000)
 ParOldGen       total 60928K, used 10716K [0x00000000c0000000, 0x00000000c3b80000, 0x00000000eab00000)
  object space 60928K, 17% used [0x00000000c0000000,0x00000000c0a773a0,0x00000000c3b80000)
 Metaspace       used 34397K, capacity 35448K, committed 35496K, reserved 1079296K
  class space    used 4607K, capacity 5031K, committed 5032K, reserved 1048576K
Event: 26.623 GC heap after
Heap after GC invocations=13 (full 1):
 PSYoungGen      total 161792K, used 12776K [0x00000000eab00000, 0x00000000f6080000, 0x0000000100000000)
  eden space 148992K, 0% used [0x00000000eab00000,0x00000000eab00000,0x00000000f3c80000)
  from space 12800K, 99% used [0x00000000f4d00000,0x00000000f597a158,0x00000000f5980000)
  to   space 16896K, 0% used [0x00000000f3c80000,0x00000000f3c80000,0x00000000f4d00000)
 ParOldGen       total 60928K, used 15024K [0x00000000c0000000, 0x00000000c3b80000, 0x00000000eab00000)
  object space 60928K, 24% used [0x00000000c0000000,0x00000000c0eac240,0x00000000c3b80000)
 Metaspace       used 34397K, capacity 35448K, committed 35496K, reserved 1079296K
  class space    used 4607K, capacity 5031K, committed 5032K, reserved 1048576K
}
Event: 26.623 GC heap before
{Heap before GC invocations=14 (full 2):
 PSYoungGen      total 161792K, used 12776K [0x00000000eab00000, 0x00000000f6080000, 0x0000000100000000)
  eden space 148992K, 0% used [0x00000000eab00000,0x00000000eab00000,0x00000000f3c80000)
  from space 12800K, 99% used [0x00000000f4d00000,0x00000000f597a158,0x00000000f5980000)
  to   space 16896K, 0% used [0x00000000f3c80000,0x00000000f3c80000,0x00000000f4d00000)
 ParOldGen       total 60928K, used 15024K [0x00000000c0000000, 0x00000000c3b80000, 0x00000000eab00000)
  object space 60928K, 24% used [0x00000000c0000000,0x00000000c0eac240,0x00000000c3b80000)
 Metaspace       used 34397K, capacity 35448K, committed 35496K, reserved 1079296K
  class space    used 4607K, capacity 5031K, committed 5032K, reserved 1048576K
Event: 27.090 GC heap after
Heap after GC invocations=14 (full 2):
 PSYoungGen      total 161792K, used 0K [0x00000000eab00000, 0x00000000f6080000, 0x0000000100000000)
  eden space 148992K, 0% used [0x00000000eab00000,0x00000000eab00000,0x00000000f3c80000)
  from space 12800K, 0% used [0x00000000f4d00000,0x00000000f4d00000,0x00000000f5980000)
  to   space 16896K, 0% used [0x00000000f3c80000,0x00000000f3c80000,0x00000000f4d00000)
 ParOldGen       total 100352K, used 24285K [0x00000000c0000000, 0x00000000c6200000, 0x00000000eab00000)
  object space 100352K, 24% used [0x00000000c0000000,0x00000000c17b7618,0x00000000c6200000)
 Metaspace       used 34363K, capacity 35334K, committed 35496K, reserved 1079296K
  class space    used 4601K, capacity 4997K, committed 5032K, reserved 1048576K
}

