# JRE version: Java(TM) SE Runtime Environment (8.0_45-b15) (build 1.8.0_45-b15)
# Java VM: Java HotSpot(TM) 64-Bit Server VM (25.45-b02 mixed mode windows-amd64 compressed oops)
Heap:
 PSYoungGen      total 319488K, used 159759K [0x00000000eab00000, 0x00000000ffa80000, 0x0000000100000000)
  eden space 297472K, 53% used [0x00000000eab00000,0x00000000f4703cb0,0x00000000fcd80000)
  from space 22016K, 0% used [0x00000000fe500000,0x00000000fe500000,0x00000000ffa80000)
  to   space 23040K, 28% used [0x00000000fcd80000,0x00000000fd3d4118,0x00000000fe400000)
 ParOldGen       total 699392K, used 46975K [0x00000000c0000000, 0x00000000eab00000, 0x00000000eab00000)
  object space 699392K, 6% used [0x00000000c0000000,0x00000000c2ddffd8,0x00000000eab00000)
 Metaspace       used 45856K, capacity 48194K, committed 48424K, reserved 1091584K
  class space    used 6343K, capacity 7161K, committed 7208K, reserved 1048576K
GC Heap History (10 events):
Event: 48.521 GC heap after
Heap after GC invocations=11 (full 1):
 PSYoungGen      total 236032K, used 14294K [0x00000000eab00000, 0x00000000fa700000, 0x0000000100000000)
  eden space 221184K, 0% used [0x00000000eab00000,0x00000000eab00000,0x00000000f8300000)
  from space 14848K, 96% used [0x00000000f9380000,0x00000000fa175800,0x00000000fa200000)
  to   space 16896K, 0% used [0x00000000f8300000,0x00000000f8300000,0x00000000f9380000)
 ParOldGen       total 55808K, used 14475K [0x00000000c0000000, 0x00000000c3680000, 0x00000000eab00000)
  object space 55808K, 25% used [0x00000000c0000000,0x00000000c0e22d68,0x00000000c3680000)
 Metaspace       used 34369K, capacity 35448K, committed 35496K, reserved 1079296K
  class space    used 4607K, capacity 5031K, committed 5032K, reserved 1048576K
}
Event: 48.521 GC heap before
{Heap before GC invocations=12 (full 2):
 PSYoungGen      total 236032K, used 14294K [0x00000000eab00000, 0x00000000fa700000, 0x0000000100000000)
  eden space 221184K, 0% used [0x00000000eab00000,0x00000000eab00000,0x00000000f8300000)
  from space 14848K, 96% used [0x00000000f9380000,0x00000000fa175800,0x00000000fa200000)
  to   space 16896K, 0% used [0x00000000f8300000,0x00000000f8300000,0x00000000f9380000)
 ParOldGen       total 55808K, used 14475K [0x00000000c0000000, 0x00000000c3680000, 0x00000000eab00000)
  object space 55808K, 25% used [0x00000000c0000000,0x00000000c0e22d68,0x00000000c3680000)
 Metaspace       used 34369K, capacity 35448K, committed 35496K, reserved 1079296K
  class space    used 4607K, capacity 5031K, committed 5032K, reserved 1048576K
Event: 48.825 GC heap after
Heap after GC invocations=12 (full 2):
 PSYoungGen      total 236032K, used 0K [0x00000000eab00000, 0x00000000fa700000, 0x0000000100000000)
  eden space 221184K, 0% used [0x00000000eab00000,0x00000000eab00000,0x00000000f8300000)
  from space 14848K, 0% used [0x00000000f9380000,0x00000000f9380000,0x00000000fa200000)
  to   space 16896K, 0% used [0x00000000f8300000,0x00000000f8300000,0x00000000f9380000)
 ParOldGen       total 85504K, used 22703K [0x00000000c0000000, 0x00000000c5380000, 0x00000000eab00000)
  object space 85504K, 26% used [0x00000000c0000000,0x00000000c162bee8,0x00000000c5380000)
 Metaspace       used 34335K, capacity 35334K, committed 35496K, reserved 1079296K
  class space    used 4601K, capacity 4997K, committed 5032K, reserved 1048576K
}
Event: 71.375 GC heap before
{Heap before GC invocations=13 (full 2):
 PSYoungGen      total 236032K, used 221184K [0x00000000eab00000, 0x00000000fa700000, 0x0000000100000000)
  eden space 221184K, 100% used [0x00000000eab00000,0x00000000f8300000,0x00000000f8300000)
  from space 14848K, 0% used [0x00000000f9380000,0x00000000f9380000,0x00000000fa200000)
  to   space 16896K, 0% used [0x00000000f8300000,0x00000000f8300000,0x00000000f9380000)
 ParOldGen       total 85504K, used 22703K [0x00000000c0000000, 0x00000000c5380000, 0x00000000eab00000)
  object space 85504K, 26% used [0x00000000c0000000,0x00000000c162bee8,0x00000000c5380000)
 Metaspace       used 41849K, capacity 43450K, committed 43560K, reserved 1087488K
  class space    used 5766K, capacity 6437K, committed 6440K, reserved 1048576K
Event: 71.459 GC heap after
Heap after GC invocations=13 (full 2):
 PSYoungGen      total 238080K, used 16879K [0x00000000eab00000, 0x00000000ffc80000, 0x0000000100000000)
  eden space 221184K, 0% used [0x00000000eab00000,0x00000000eab00000,0x00000000f8300000)
  from space 16896K, 99% used [0x00000000f8300000,0x00000000f937bf60,0x00000000f9380000)
  to   space 24064K, 0% used [0x00000000fe500000,0x00000000fe500000,0x00000000ffc80000)
 ParOldGen       total 85504K, used 33819K [0x00000000c0000000, 0x00000000c5380000, 0x00000000eab00000)
  object space 85504K, 39% used [0x00000000c0000000,0x00000000c2106ca0,0x00000000c5380000)
 Metaspace       used 41849K, capacity 43450K, committed 43560K, reserved 1087488K
  class space    used 5766K, capacity 6437K, committed 6440K, reserved 1048576K
}
Event: 76.035 GC heap before
{Heap before GC invocations=14 (full 2):
 PSYoungGen      total 238080K, used 62564K [0x00000000eab00000, 0x00000000ffc80000, 0x0000000100000000)
  eden space 221184K, 20% used [0x00000000eab00000,0x00000000ed79d3a0,0x00000000f8300000)
  from space 16896K, 99% used [0x00000000f8300000,0x00000000f937bf60,0x00000000f9380000)
  to   space 24064K, 0% used [0x00000000fe500000,0x00000000fe500000,0x00000000ffc80000)
 ParOldGen       total 85504K, used 33819K [0x00000000c0000000, 0x00000000c5380000, 0x00000000eab00000)
  object space 85504K, 39% used [0x00000000c0000000,0x00000000c2106ca0,0x00000000c5380000)
 Metaspace       used 43483K, capacity 45476K, committed 45736K, reserved 1087488K
  class space    used 6019K, capacity 6760K, committed 6824K, reserved 1048576K
Event: 76.132 GC heap after
Heap after GC invocations=14 (full 2):
 PSYoungGen      total 319488K, used 4176K [0x00000000eab00000, 0x00000000ffa80000, 0x0000000100000000)
  eden space 297472K, 0% used [0x00000000eab00000,0x00000000eab00000,0x00000000fcd80000)
  from space 22016K, 18% used [0x00000000fe500000,0x00000000fe914138,0x00000000ffa80000)
  to   space 23040K, 0% used [0x00000000fcd80000,0x00000000fcd80000,0x00000000fe400000)
 ParOldGen       total 85504K, used 50687K [0x00000000c0000000, 0x00000000c5380000, 0x00000000eab00000)
  object space 85504K, 59% used [0x00000000c0000000,0x00000000c317fe48,0x00000000c5380000)
 Metaspace       used 43483K, capacity 45476K, committed 45736K, reserved 1087488K
  class space    used 6019K, capacity 6760K, committed 6824K, reserved 1048576K
}
Event: 76.132 GC heap before
{Heap before GC invocations=15 (full 3):
 PSYoungGen      total 319488K, used 4176K [0x00000000eab00000, 0x00000000ffa80000, 0x0000000100000000)
  eden space 297472K, 0% used [0x00000000eab00000,0x00000000eab00000,0x00000000fcd80000)
  from space 22016K, 18% used [0x00000000fe500000,0x00000000fe914138,0x00000000ffa80000)
  to   space 23040K, 0% used [0x00000000fcd80000,0x00000000fcd80000,0x00000000fe400000)
 ParOldGen       total 85504K, used 50687K [0x00000000c0000000, 0x00000000c5380000, 0x00000000eab00000)
  object space 85504K, 59% used [0x00000000c0000000,0x00000000c317fe48,0x00000000c5380000)
 Metaspace       used 43483K, capacity 45476K, committed 45736K, reserved 1087488K
  class space    used 6019K, capacity 6760K, committed 6824K, reserved 1048576K
Event: 76.846 GC heap after
Heap after GC invocations=15 (full 3):
 PSYoungGen      total 319488K, used 0K [0x00000000eab00000, 0x00000000ffa80000, 0x0000000100000000)
  eden space 297472K, 0% used [0x00000000eab00000,0x00000000eab00000,0x00000000fcd80000)
  from space 22016K, 0% used [0x00000000fe500000,0x00000000fe500000,0x00000000ffa80000)
  to   space 23040K, 0% used [0x00000000fcd80000,0x00000000fcd80000,0x00000000fe400000)
 ParOldGen       total 85504K, used 46959K [0x00000000c0000000, 0x00000000c5380000, 0x00000000eab00000)
  object space 85504K, 54% used [0x00000000c0000000,0x00000000c2ddbfd8,0x00000000c5380000)
 Metaspace       used 43483K, capacity 45476K, committed 45736K, reserved 1087488K
  class space    used 6019K, capacity 6760K, committed 6824K, reserved 1048576K
}
Event: 102.258 GC heap before
{Heap before GC invocations=16 (full 3):
 PSYoungGen      total 319488K, used 159759K [0x00000000eab00000, 0x00000000ffa80000, 0x0000000100000000)
  eden space 297472K, 53% used [0x00000000eab00000,0x00000000f4703cb0,0x00000000fcd80000)
  from space 22016K, 0% used [0x00000000fe500000,0x00000000fe500000,0x00000000ffa80000)
  to   space 23040K, 0% used [0x00000000fcd80000,0x00000000fcd80000,0x00000000fe400000)
 ParOldGen       total 699392K, used 46959K [0x00000000c0000000, 0x00000000eab00000, 0x00000000eab00000)
  object space 699392K, 6% used [0x00000000c0000000,0x00000000c2ddbfd8,0x00000000eab00000)
 Metaspace       used 45856K, capacity 48194K, committed 48424K, reserved 1091584K
  class space    used 6343K, capacity 7161K, committed 7208K, reserved 1048576K

