# JRE version: Java(TM) SE Runtime Environment (8.0_45-b15) (build 1.8.0_45-b15)
# Java VM: Java HotSpot(TM) 64-Bit Server VM (25.45-b02 mixed mode windows-amd64 compressed oops)
Heap:
 PSYoungGen      total 174592K, used 148571K [0x00000000eab00000, 0x00000000f8080000, 0x0000000100000000)
  eden space 160768K, 92% used [0x00000000eab00000,0x00000000f3c16f68,0x00000000f4800000)
  from space 13824K, 0% used [0x00000000f7300000,0x00000000f7300000,0x00000000f8080000)
  to   space 25600K, 0% used [0x00000000f4e80000,0x00000000f4e80000,0x00000000f6780000)
 ParOldGen       total 110080K, used 50842K [0x00000000c0000000, 0x00000000c6b80000, 0x00000000eab00000)
  object space 110080K, 46% used [0x00000000c0000000,0x00000000c31a6830,0x00000000c6b80000)
 Metaspace       used 55402K, capacity 58610K, committed 59392K, reserved 1099776K
  class space    used 7454K, capacity 8466K, committed 8704K, reserved 1048576K
GC Heap History (10 events):
Event: 2222.773 GC heap before
{Heap before GC invocations=16 (full 3):
 PSYoungGen      total 192512K, used 171520K [0x00000000eab00000, 0x00000000f8d80000, 0x0000000100000000)
  eden space 171520K, 100% used [0x00000000eab00000,0x00000000f5280000,0x00000000f5280000)
  from space 20992K, 0% used [0x00000000f6d00000,0x00000000f6d00000,0x00000000f8180000)
  to   space 27136K, 0% used [0x00000000f5280000,0x00000000f5280000,0x00000000f6d00000)
 ParOldGen       total 110080K, used 48002K [0x00000000c0000000, 0x00000000c6b80000, 0x00000000eab00000)
  object space 110080K, 43% used [0x00000000c0000000,0x00000000c2ee0878,0x00000000c6b80000)
 Metaspace       used 46114K, capacity 48730K, committed 48896K, reserved 1091584K
  class space    used 6398K, capacity 7303K, committed 7424K, reserved 1048576K
Event: 2222.919 GC heap after
Heap after GC invocations=16 (full 3):
 PSYoungGen      total 198656K, used 6356K [0x00000000eab00000, 0x00000000fa380000, 0x0000000100000000)
  eden space 171520K, 0% used [0x00000000eab00000,0x00000000eab00000,0x00000000f5280000)
  from space 27136K, 23% used [0x00000000f5280000,0x00000000f58b5038,0x00000000f6d00000)
  to   space 26112K, 0% used [0x00000000f8a00000,0x00000000f8a00000,0x00000000fa380000)
 ParOldGen       total 110080K, used 48010K [0x00000000c0000000, 0x00000000c6b80000, 0x00000000eab00000)
  object space 110080K, 43% used [0x00000000c0000000,0x00000000c2ee2878,0x00000000c6b80000)
 Metaspace       used 46114K, capacity 48730K, committed 48896K, reserved 1091584K
  class space    used 6398K, capacity 7303K, committed 7424K, reserved 1048576K
}
Event: 2231.001 GC heap before
{Heap before GC invocations=17 (full 3):
 PSYoungGen      total 198656K, used 177876K [0x00000000eab00000, 0x00000000fa380000, 0x0000000100000000)
  eden space 171520K, 100% used [0x00000000eab00000,0x00000000f5280000,0x00000000f5280000)
  from space 27136K, 23% used [0x00000000f5280000,0x00000000f58b5038,0x00000000f6d00000)
  to   space 26112K, 0% used [0x00000000f8a00000,0x00000000f8a00000,0x00000000fa380000)
 ParOldGen       total 110080K, used 48010K [0x00000000c0000000, 0x00000000c6b80000, 0x00000000eab00000)
  object space 110080K, 43% used [0x00000000c0000000,0x00000000c2ee2878,0x00000000c6b80000)
 Metaspace       used 49229K, capacity 52324K, committed 52480K, reserved 1093632K
  class space    used 6853K, capacity 7821K, committed 7936K, reserved 1048576K
Event: 2231.042 GC heap after
Heap after GC invocations=17 (full 3):
 PSYoungGen      total 176640K, used 10325K [0x00000000eab00000, 0x00000000f9480000, 0x0000000100000000)
  eden space 165888K, 0% used [0x00000000eab00000,0x00000000eab00000,0x00000000f4d00000)
  from space 10752K, 96% used [0x00000000f8a00000,0x00000000f94157f8,0x00000000f9480000)
  to   space 25088K, 0% used [0x00000000f6380000,0x00000000f6380000,0x00000000f7c00000)
 ParOldGen       total 110080K, used 48018K [0x00000000c0000000, 0x00000000c6b80000, 0x00000000eab00000)
  object space 110080K, 43% used [0x00000000c0000000,0x00000000c2ee4878,0x00000000c6b80000)
 Metaspace       used 49229K, capacity 52324K, committed 52480K, reserved 1093632K
  class space    used 6853K, capacity 7821K, committed 7936K, reserved 1048576K
}
Event: 2317.669 GC heap before
{Heap before GC invocations=18 (full 3):
 PSYoungGen      total 176640K, used 176213K [0x00000000eab00000, 0x00000000f9480000, 0x0000000100000000)
  eden space 165888K, 100% used [0x00000000eab00000,0x00000000f4d00000,0x00000000f4d00000)
  from space 10752K, 96% used [0x00000000f8a00000,0x00000000f94157f8,0x00000000f9480000)
  to   space 25088K, 0% used [0x00000000f6380000,0x00000000f6380000,0x00000000f7c00000)
 ParOldGen       total 110080K, used 48018K [0x00000000c0000000, 0x00000000c6b80000, 0x00000000eab00000)
  object space 110080K, 43% used [0x00000000c0000000,0x00000000c2ee4878,0x00000000c6b80000)
 Metaspace       used 54020K, capacity 57242K, committed 57344K, reserved 1097728K
  class space    used 7348K, capacity 8412K, committed 8448K, reserved 1048576K
Event: 2317.782 GC heap after
Heap after GC invocations=18 (full 3):
 PSYoungGen      total 176640K, used 15521K [0x00000000eab00000, 0x00000000f8a80000, 0x0000000100000000)
  eden space 160768K, 0% used [0x00000000eab00000,0x00000000eab00000,0x00000000f4800000)
  from space 15872K, 97% used [0x00000000f6380000,0x00000000f72a85b8,0x00000000f7300000)
  to   space 24064K, 0% used [0x00000000f7300000,0x00000000f7300000,0x00000000f8a80000)
 ParOldGen       total 110080K, used 48026K [0x00000000c0000000, 0x00000000c6b80000, 0x00000000eab00000)
  object space 110080K, 43% used [0x00000000c0000000,0x00000000c2ee6878,0x00000000c6b80000)
 Metaspace       used 54020K, capacity 57242K, committed 57344K, reserved 1097728K
  class space    used 7348K, capacity 8412K, committed 8448K, reserved 1048576K
}
Event: 2388.091 GC heap before
{Heap before GC invocations=19 (full 3):
 PSYoungGen      total 176640K, used 76087K [0x00000000eab00000, 0x00000000f8a80000, 0x0000000100000000)
  eden space 160768K, 37% used [0x00000000eab00000,0x00000000ee625988,0x00000000f4800000)
  from space 15872K, 97% used [0x00000000f6380000,0x00000000f72a85b8,0x00000000f7300000)
  to   space 24064K, 0% used [0x00000000f7300000,0x00000000f7300000,0x00000000f8a80000)
 ParOldGen       total 110080K, used 48026K [0x00000000c0000000, 0x00000000c6b80000, 0x00000000eab00000)
  object space 110080K, 43% used [0x00000000c0000000,0x00000000c2ee6878,0x00000000c6b80000)
 Metaspace       used 55753K, capacity 59030K, committed 59136K, reserved 1099776K
  class space    used 7566K, capacity 8642K, committed 8704K, reserved 1048576K
Event: 2388.150 GC heap after
Heap after GC invocations=19 (full 3):
 PSYoungGen      total 174592K, used 13740K [0x00000000eab00000, 0x00000000f8080000, 0x0000000100000000)
  eden space 160768K, 0% used [0x00000000eab00000,0x00000000eab00000,0x00000000f4800000)
  from space 13824K, 99% used [0x00000000f7300000,0x00000000f806b2e0,0x00000000f8080000)
  to   space 25600K, 0% used [0x00000000f4e80000,0x00000000f4e80000,0x00000000f6780000)
 ParOldGen       total 110080K, used 48034K [0x00000000c0000000, 0x00000000c6b80000, 0x00000000eab00000)
  object space 110080K, 43% used [0x00000000c0000000,0x00000000c2ee8878,0x00000000c6b80000)
 Metaspace       used 55753K, capacity 59030K, committed 59136K, reserved 1099776K
  class space    used 7566K, capacity 8642K, committed 8704K, reserved 1048576K
}
Event: 2388.150 GC heap before
{Heap before GC invocations=20 (full 4):
 PSYoungGen      total 174592K, used 13740K [0x00000000eab00000, 0x00000000f8080000, 0x0000000100000000)
  eden space 160768K, 0% used [0x00000000eab00000,0x00000000eab00000,0x00000000f4800000)
  from space 13824K, 99% used [0x00000000f7300000,0x00000000f806b2e0,0x00000000f8080000)
  to   space 25600K, 0% used [0x00000000f4e80000,0x00000000f4e80000,0x00000000f6780000)
 ParOldGen       total 110080K, used 48034K [0x00000000c0000000, 0x00000000c6b80000, 0x00000000eab00000)
  object space 110080K, 43% used [0x00000000c0000000,0x00000000c2ee8878,0x00000000c6b80000)
 Metaspace       used 55753K, capacity 59030K, committed 59136K, reserved 1099776K
  class space    used 7566K, capacity 8642K, committed 8704K, reserved 1048576K
Event: 2388.941 GC heap after
Heap after GC invocations=20 (full 4):
 PSYoungGen      total 174592K, used 0K [0x00000000eab00000, 0x00000000f8080000, 0x0000000100000000)
  eden space 160768K, 0% used [0x00000000eab00000,0x00000000eab00000,0x00000000f4800000)
  from space 13824K, 0% used [0x00000000f7300000,0x00000000f7300000,0x00000000f8080000)
  to   space 25600K, 0% used [0x00000000f4e80000,0x00000000f4e80000,0x00000000f6780000)
 ParOldGen       total 110080K, used 50842K [0x00000000c0000000, 0x00000000c6b80000, 0x00000000eab00000)
  object space 110080K, 46% used [0x00000000c0000000,0x00000000c31a6830,0x00000000c6b80000)
 Metaspace       used 54856K, capacity 57684K, committed 59136K, reserved 1099776K
  class space    used 7388K, capacity 8329K, committed 8704K, reserved 1048576K
}

