# JRE version: Java(TM) SE Runtime Environment (8.0_45-b15) (build 1.8.0_45-b15)
# Java VM: Java HotSpot(TM) 64-Bit Server VM (25.45-b02 mixed mode windows-amd64 compressed oops)
Heap:
 PSYoungGen      total 247808K, used 98194K [0x00000000eab00000, 0x00000000fb480000, 0x0000000100000000)
  eden space 227840K, 43% used [0x00000000eab00000,0x00000000f0ae4bd8,0x00000000f8980000)
  from space 19968K, 0% used [0x00000000f8980000,0x00000000f8980000,0x00000000f9d00000)
  to   space 22016K, 0% used [0x00000000f9f00000,0x00000000f9f00000,0x00000000fb480000)
 ParOldGen       total 78336K, used 48244K [0x00000000c0000000, 0x00000000c4c80000, 0x00000000eab00000)
  object space 78336K, 61% used [0x00000000c0000000,0x00000000c2f1d258,0x00000000c4c80000)
 Metaspace       used 44035K, capacity 46192K, committed 46376K, reserved 1089536K
  class space    used 6052K, capacity 6830K, committed 6952K, reserved 1048576K
GC Heap History (10 events):
Event: 27.319 GC heap before
{Heap before GC invocations=14 (full 1):
 PSYoungGen      total 159744K, used 15681K [0x00000000eab00000, 0x00000000f5b00000, 0x0000000100000000)
  eden space 146944K, 1% used [0x00000000eab00000,0x00000000eadd5740,0x00000000f3a80000)
  from space 12800K, 99% used [0x00000000f4a80000,0x00000000f56fafb8,0x00000000f5700000)
  to   space 16384K, 0% used [0x00000000f3a80000,0x00000000f3a80000,0x00000000f4a80000)
 ParOldGen       total 60416K, used 15335K [0x00000000c0000000, 0x00000000c3b00000, 0x00000000eab00000)
  object space 60416K, 25% used [0x00000000c0000000,0x00000000c0ef9eb0,0x00000000c3b00000)
 Metaspace       used 34352K, capacity 35448K, committed 35496K, reserved 1079296K
  class space    used 4607K, capacity 5031K, committed 5032K, reserved 1048576K
Event: 27.351 GC heap after
Heap after GC invocations=14 (full 1):
 PSYoungGen      total 163328K, used 256K [0x00000000eab00000, 0x00000000fad00000, 0x0000000100000000)
  eden space 146944K, 0% used [0x00000000eab00000,0x00000000eab00000,0x00000000f3a80000)
  from space 16384K, 1% used [0x00000000f3a80000,0x00000000f3ac0000,0x00000000f4a80000)
  to   space 16384K, 0% used [0x00000000f9d00000,0x00000000f9d00000,0x00000000fad00000)
 ParOldGen       total 60416K, used 26672K [0x00000000c0000000, 0x00000000c3b00000, 0x00000000eab00000)
  object space 60416K, 44% used [0x00000000c0000000,0x00000000c1a0c298,0x00000000c3b00000)
 Metaspace       used 34352K, capacity 35448K, committed 35496K, reserved 1079296K
  class space    used 4607K, capacity 5031K, committed 5032K, reserved 1048576K
}
Event: 27.352 GC heap before
{Heap before GC invocations=15 (full 2):
 PSYoungGen      total 163328K, used 256K [0x00000000eab00000, 0x00000000fad00000, 0x0000000100000000)
  eden space 146944K, 0% used [0x00000000eab00000,0x00000000eab00000,0x00000000f3a80000)
  from space 16384K, 1% used [0x00000000f3a80000,0x00000000f3ac0000,0x00000000f4a80000)
  to   space 16384K, 0% used [0x00000000f9d00000,0x00000000f9d00000,0x00000000fad00000)
 ParOldGen       total 60416K, used 26672K [0x00000000c0000000, 0x00000000c3b00000, 0x00000000eab00000)
  object space 60416K, 44% used [0x00000000c0000000,0x00000000c1a0c298,0x00000000c3b00000)
 Metaspace       used 34352K, capacity 35448K, committed 35496K, reserved 1079296K
  class space    used 4607K, capacity 5031K, committed 5032K, reserved 1048576K
Event: 27.554 GC heap after
Heap after GC invocations=15 (full 2):
 PSYoungGen      total 163328K, used 0K [0x00000000eab00000, 0x00000000fad00000, 0x0000000100000000)
  eden space 146944K, 0% used [0x00000000eab00000,0x00000000eab00000,0x00000000f3a80000)
  from space 16384K, 0% used [0x00000000f3a80000,0x00000000f3a80000,0x00000000f4a80000)
  to   space 16384K, 0% used [0x00000000f9d00000,0x00000000f9d00000,0x00000000fad00000)
 ParOldGen       total 78336K, used 19831K [0x00000000c0000000, 0x00000000c4c80000, 0x00000000eab00000)
  object space 78336K, 25% used [0x00000000c0000000,0x00000000c135dd98,0x00000000c4c80000)
 Metaspace       used 34318K, capacity 35334K, committed 35496K, reserved 1079296K
  class space    used 4601K, capacity 4997K, committed 5032K, reserved 1048576K
}
Event: 31.819 GC heap before
{Heap before GC invocations=16 (full 2):
 PSYoungGen      total 163328K, used 146944K [0x00000000eab00000, 0x00000000fad00000, 0x0000000100000000)
  eden space 146944K, 100% used [0x00000000eab00000,0x00000000f3a80000,0x00000000f3a80000)
  from space 16384K, 0% used [0x00000000f3a80000,0x00000000f3a80000,0x00000000f4a80000)
  to   space 16384K, 0% used [0x00000000f9d00000,0x00000000f9d00000,0x00000000fad00000)
 ParOldGen       total 78336K, used 19831K [0x00000000c0000000, 0x00000000c4c80000, 0x00000000eab00000)
  object space 78336K, 25% used [0x00000000c0000000,0x00000000c135dd98,0x00000000c4c80000)
 Metaspace       used 39405K, capacity 40724K, committed 41000K, reserved 1085440K
  class space    used 5358K, capacity 5836K, committed 5928K, reserved 1048576K
Event: 31.875 GC heap after
Heap after GC invocations=16 (full 2):
 PSYoungGen      total 244224K, used 16382K [0x00000000eab00000, 0x00000000fb080000, 0x0000000100000000)
  eden space 227840K, 0% used [0x00000000eab00000,0x00000000eab00000,0x00000000f8980000)
  from space 16384K, 99% used [0x00000000f9d00000,0x00000000facff868,0x00000000fad00000)
  to   space 19968K, 0% used [0x00000000f8980000,0x00000000f8980000,0x00000000f9d00000)
 ParOldGen       total 78336K, used 21521K [0x00000000c0000000, 0x00000000c4c80000, 0x00000000eab00000)
  object space 78336K, 27% used [0x00000000c0000000,0x00000000c15046c8,0x00000000c4c80000)
 Metaspace       used 39405K, capacity 40724K, committed 41000K, reserved 1085440K
  class space    used 5358K, capacity 5836K, committed 5928K, reserved 1048576K
}
Event: 34.859 GC heap before
{Heap before GC invocations=17 (full 2):
 PSYoungGen      total 244224K, used 142010K [0x00000000eab00000, 0x00000000fb080000, 0x0000000100000000)
  eden space 227840K, 55% used [0x00000000eab00000,0x00000000f25af348,0x00000000f8980000)
  from space 16384K, 99% used [0x00000000f9d00000,0x00000000facff868,0x00000000fad00000)
  to   space 19968K, 0% used [0x00000000f8980000,0x00000000f8980000,0x00000000f9d00000)
 ParOldGen       total 78336K, used 21521K [0x00000000c0000000, 0x00000000c4c80000, 0x00000000eab00000)
  object space 78336K, 27% used [0x00000000c0000000,0x00000000c15046c8,0x00000000c4c80000)
 Metaspace       used 43461K, capacity 45402K, committed 45480K, reserved 1087488K
  class space    used 6019K, capacity 6758K, committed 6824K, reserved 1048576K
Event: 34.998 GC heap after
Heap after GC invocations=17 (full 2):
 PSYoungGen      total 247808K, used 15016K [0x00000000eab00000, 0x00000000fb480000, 0x0000000100000000)
  eden space 227840K, 0% used [0x00000000eab00000,0x00000000eab00000,0x00000000f8980000)
  from space 19968K, 75% used [0x00000000f8980000,0x00000000f982a160,0x00000000f9d00000)
  to   space 22016K, 0% used [0x00000000f9f00000,0x00000000f9f00000,0x00000000fb480000)
 ParOldGen       total 78336K, used 35646K [0x00000000c0000000, 0x00000000c4c80000, 0x00000000eab00000)
  object space 78336K, 45% used [0x00000000c0000000,0x00000000c22cfb08,0x00000000c4c80000)
 Metaspace       used 43461K, capacity 45402K, committed 45480K, reserved 1087488K
  class space    used 6019K, capacity 6758K, committed 6824K, reserved 1048576K
}
Event: 34.998 GC heap before
{Heap before GC invocations=18 (full 3):
 PSYoungGen      total 247808K, used 15016K [0x00000000eab00000, 0x00000000fb480000, 0x0000000100000000)
  eden space 227840K, 0% used [0x00000000eab00000,0x00000000eab00000,0x00000000f8980000)
  from space 19968K, 75% used [0x00000000f8980000,0x00000000f982a160,0x00000000f9d00000)
  to   space 22016K, 0% used [0x00000000f9f00000,0x00000000f9f00000,0x00000000fb480000)
 ParOldGen       total 78336K, used 35646K [0x00000000c0000000, 0x00000000c4c80000, 0x00000000eab00000)
  object space 78336K, 45% used [0x00000000c0000000,0x00000000c22cfb08,0x00000000c4c80000)
 Metaspace       used 43461K, capacity 45402K, committed 45480K, reserved 1087488K
  class space    used 6019K, capacity 6758K, committed 6824K, reserved 1048576K
Event: 35.731 GC heap after
Heap after GC invocations=18 (full 3):
 PSYoungGen      total 247808K, used 0K [0x00000000eab00000, 0x00000000fb480000, 0x0000000100000000)
  eden space 227840K, 0% used [0x00000000eab00000,0x00000000eab00000,0x00000000f8980000)
  from space 19968K, 0% used [0x00000000f8980000,0x00000000f8980000,0x00000000f9d00000)
  to   space 22016K, 0% used [0x00000000f9f00000,0x00000000f9f00000,0x00000000fb480000)
 ParOldGen       total 78336K, used 48244K [0x00000000c0000000, 0x00000000c4c80000, 0x00000000eab00000)
  object space 78336K, 61% used [0x00000000c0000000,0x00000000c2f1d258,0x00000000c4c80000)
 Metaspace       used 43461K, capacity 45402K, committed 45480K, reserved 1087488K
  class space    used 6019K, capacity 6758K, committed 6824K, reserved 1048576K
}

