# JRE version: Java(TM) SE Runtime Environment (8.0_45-b15) (build 1.8.0_45-b15)
# Java VM: Java HotSpot(TM) 64-Bit Server VM (25.45-b02 mixed mode windows-amd64 compressed oops)
Heap:
 PSYoungGen      total 329216K, used 109627K [0x00000000eab00000, 0x0000000100000000, 0x0000000100000000)
  eden space 311808K, 33% used [0x00000000eab00000,0x00000000f107d4d0,0x00000000fdb80000)
  from space 17408K, 32% used [0x00000000feb80000,0x00000000ff1119f0,0x00000000ffc80000)
  to   space 16384K, 0% used [0x00000000fdb80000,0x00000000fdb80000,0x00000000feb80000)
 ParOldGen       total 97280K, used 54196K [0x00000000c0000000, 0x00000000c5f00000, 0x00000000eab00000)
  object space 97280K, 55% used [0x00000000c0000000,0x00000000c34ed0c8,0x00000000c5f00000)
 Metaspace       used 58745K, capacity 64572K, committed 64680K, reserved 1103872K
  class space    used 7747K, capacity 9338K, committed 9384K, reserved 1048576K
GC Heap History (10 events):
Event: 2818.222 GC heap before
{Heap before GC invocations=36 (full 11):
 PSYoungGen      total 321536K, used 3863K [0x00000000eab00000, 0x0000000100000000, 0x0000000100000000)
  eden space 302080K, 0% used [0x00000000eab00000,0x00000000eab00000,0x00000000fd200000)
  from space 19456K, 19% used [0x00000000fd200000,0x00000000fd5c5d70,0x00000000fe500000)
  to   space 18944K, 0% used [0x00000000fed80000,0x00000000fed80000,0x0000000100000000)
 ParOldGen       total 97280K, used 54631K [0x00000000c0000000, 0x00000000c5f00000, 0x00000000eab00000)
  object space 97280K, 56% used [0x00000000c0000000,0x00000000c3559f38,0x00000000c5f00000)
 Metaspace       used 57086K, capacity 61884K, committed 62248K, reserved 1101824K
  class space    used 7530K, capacity 8876K, committed 9000K, reserved 1048576K
Event: 2818.652 GC heap after
Heap after GC invocations=36 (full 11):
 PSYoungGen      total 321536K, used 0K [0x00000000eab00000, 0x0000000100000000, 0x0000000100000000)
  eden space 302080K, 0% used [0x00000000eab00000,0x00000000eab00000,0x00000000fd200000)
  from space 19456K, 0% used [0x00000000fd200000,0x00000000fd200000,0x00000000fe500000)
  to   space 18944K, 0% used [0x00000000fed80000,0x00000000fed80000,0x0000000100000000)
 ParOldGen       total 97280K, used 54198K [0x00000000c0000000, 0x00000000c5f00000, 0x00000000eab00000)
  object space 97280K, 55% used [0x00000000c0000000,0x00000000c34eda90,0x00000000c5f00000)
 Metaspace       used 57020K, capacity 61656K, committed 62248K, reserved 1101824K
  class space    used 7514K, capacity 8808K, committed 9000K, reserved 1048576K
}
Event: 3075.775 GC heap before
{Heap before GC invocations=37 (full 11):
 PSYoungGen      total 321536K, used 302080K [0x00000000eab00000, 0x0000000100000000, 0x0000000100000000)
  eden space 302080K, 100% used [0x00000000eab00000,0x00000000fd200000,0x00000000fd200000)
  from space 19456K, 0% used [0x00000000fd200000,0x00000000fd200000,0x00000000fe500000)
  to   space 18944K, 0% used [0x00000000fed80000,0x00000000fed80000,0x0000000100000000)
 ParOldGen       total 97280K, used 54198K [0x00000000c0000000, 0x00000000c5f00000, 0x00000000eab00000)
  object space 97280K, 55% used [0x00000000c0000000,0x00000000c34eda90,0x00000000c5f00000)
 Metaspace       used 57379K, capacity 62482K, committed 62888K, reserved 1103872K
  class space    used 7557K, capacity 8963K, committed 9128K, reserved 1048576K
Event: 3075.789 GC heap after
Heap after GC invocations=37 (full 11):
 PSYoungGen      total 327168K, used 5383K [0x00000000eab00000, 0x00000000ffd80000, 0x0000000100000000)
  eden space 310784K, 0% used [0x00000000eab00000,0x00000000eab00000,0x00000000fda80000)
  from space 16384K, 32% used [0x00000000fed80000,0x00000000ff2c1f78,0x00000000ffd80000)
  to   space 17920K, 0% used [0x00000000fda80000,0x00000000fda80000,0x00000000fec00000)
 ParOldGen       total 97280K, used 54206K [0x00000000c0000000, 0x00000000c5f00000, 0x00000000eab00000)
  object space 97280K, 55% used [0x00000000c0000000,0x00000000c34efa90,0x00000000c5f00000)
 Metaspace       used 57379K, capacity 62482K, committed 62888K, reserved 1103872K
  class space    used 7557K, capacity 8963K, committed 9128K, reserved 1048576K
}
Event: 3078.227 GC heap before
{Heap before GC invocations=38 (full 11):
 PSYoungGen      total 327168K, used 119018K [0x00000000eab00000, 0x00000000ffd80000, 0x0000000100000000)
  eden space 310784K, 36% used [0x00000000eab00000,0x00000000f19f8978,0x00000000fda80000)
  from space 16384K, 32% used [0x00000000fed80000,0x00000000ff2c1f78,0x00000000ffd80000)
  to   space 17920K, 0% used [0x00000000fda80000,0x00000000fda80000,0x00000000fec00000)
 ParOldGen       total 97280K, used 54206K [0x00000000c0000000, 0x00000000c5f00000, 0x00000000eab00000)
  object space 97280K, 55% used [0x00000000c0000000,0x00000000c34efa90,0x00000000c5f00000)
 Metaspace       used 57412K, capacity 62546K, committed 62888K, reserved 1103872K
  class space    used 7557K, capacity 8963K, committed 9128K, reserved 1048576K
Event: 3078.251 GC heap after
Heap after GC invocations=38 (full 11):
 PSYoungGen      total 315392K, used 4215K [0x00000000eab00000, 0x00000000ffc80000, 0x0000000100000000)
  eden space 310784K, 0% used [0x00000000eab00000,0x00000000eab00000,0x00000000fda80000)
  from space 4608K, 91% used [0x00000000fda80000,0x00000000fde9dd70,0x00000000fdf00000)
  to   space 17408K, 0% used [0x00000000feb80000,0x00000000feb80000,0x00000000ffc80000)
 ParOldGen       total 97280K, used 54214K [0x00000000c0000000, 0x00000000c5f00000, 0x00000000eab00000)
  object space 97280K, 55% used [0x00000000c0000000,0x00000000c34f1a90,0x00000000c5f00000)
 Metaspace       used 57412K, capacity 62546K, committed 62888K, reserved 1103872K
  class space    used 7557K, capacity 8963K, committed 9128K, reserved 1048576K
}
Event: 3078.251 GC heap before
{Heap before GC invocations=39 (full 12):
 PSYoungGen      total 315392K, used 4215K [0x00000000eab00000, 0x00000000ffc80000, 0x0000000100000000)
  eden space 310784K, 0% used [0x00000000eab00000,0x00000000eab00000,0x00000000fda80000)
  from space 4608K, 91% used [0x00000000fda80000,0x00000000fde9dd70,0x00000000fdf00000)
  to   space 17408K, 0% used [0x00000000feb80000,0x00000000feb80000,0x00000000ffc80000)
 ParOldGen       total 97280K, used 54214K [0x00000000c0000000, 0x00000000c5f00000, 0x00000000eab00000)
  object space 97280K, 55% used [0x00000000c0000000,0x00000000c34f1a90,0x00000000c5f00000)
 Metaspace       used 57412K, capacity 62546K, committed 62888K, reserved 1103872K
  class space    used 7557K, capacity 8963K, committed 9128K, reserved 1048576K
Event: 3078.825 GC heap after
Heap after GC invocations=39 (full 12):
 PSYoungGen      total 315392K, used 0K [0x00000000eab00000, 0x00000000ffc80000, 0x0000000100000000)
  eden space 310784K, 0% used [0x00000000eab00000,0x00000000eab00000,0x00000000fda80000)
  from space 4608K, 0% used [0x00000000fda80000,0x00000000fda80000,0x00000000fdf00000)
  to   space 17408K, 0% used [0x00000000feb80000,0x00000000feb80000,0x00000000ffc80000)
 ParOldGen       total 97280K, used 54188K [0x00000000c0000000, 0x00000000c5f00000, 0x00000000eab00000)
  object space 97280K, 55% used [0x00000000c0000000,0x00000000c34eb0c8,0x00000000c5f00000)
 Metaspace       used 57345K, capacity 62318K, committed 62888K, reserved 1103872K
  class space    used 7541K, capacity 8895K, committed 9128K, reserved 1048576K
}
Event: 3471.089 GC heap before
{Heap before GC invocations=40 (full 12):
 PSYoungGen      total 315392K, used 310784K [0x00000000eab00000, 0x00000000ffc80000, 0x0000000100000000)
  eden space 310784K, 100% used [0x00000000eab00000,0x00000000fda80000,0x00000000fda80000)
  from space 4608K, 0% used [0x00000000fda80000,0x00000000fda80000,0x00000000fdf00000)
  to   space 17408K, 0% used [0x00000000feb80000,0x00000000feb80000,0x00000000ffc80000)
 ParOldGen       total 97280K, used 54188K [0x00000000c0000000, 0x00000000c5f00000, 0x00000000eab00000)
  object space 97280K, 55% used [0x00000000c0000000,0x00000000c34eb0c8,0x00000000c5f00000)
 Metaspace       used 58206K, capacity 64026K, committed 64424K, reserved 1103872K
  class space    used 7683K, capacity 9229K, committed 9384K, reserved 1048576K
Event: 3471.102 GC heap after
Heap after GC invocations=40 (full 12):
 PSYoungGen      total 329216K, used 5702K [0x00000000eab00000, 0x0000000100000000, 0x0000000100000000)
  eden space 311808K, 0% used [0x00000000eab00000,0x00000000eab00000,0x00000000fdb80000)
  from space 17408K, 32% used [0x00000000feb80000,0x00000000ff1119f0,0x00000000ffc80000)
  to   space 16384K, 0% used [0x00000000fdb80000,0x00000000fdb80000,0x00000000feb80000)
 ParOldGen       total 97280K, used 54196K [0x00000000c0000000, 0x00000000c5f00000, 0x00000000eab00000)
  object space 97280K, 55% used [0x00000000c0000000,0x00000000c34ed0c8,0x00000000c5f00000)
 Metaspace       used 58206K, capacity 64026K, committed 64424K, reserved 1103872K
  class space    used 7683K, capacity 9229K, committed 9384K, reserved 1048576K
}

