# JRE version: Java(TM) SE Runtime Environment (8.0_45-b15) (build 1.8.0_45-b15)
# Java VM: Java HotSpot(TM) 64-Bit Server VM (25.45-b02 mixed mode windows-amd64 compressed oops)
Heap:
 PSYoungGen      total 209920K, used 149685K [0x00000000eab00000, 0x00000000f9f80000, 0x0000000100000000)
  eden space 205312K, 70% used [0x00000000eab00000,0x00000000f38e1610,0x00000000f7380000)
  from space 4608K, 95% used [0x00000000f9b00000,0x00000000f9f4c118,0x00000000f9f80000)
  to   space 17920K, 0% used [0x00000000f7c80000,0x00000000f7c80000,0x00000000f8e00000)
 ParOldGen       total 71680K, used 52551K [0x00000000c0000000, 0x00000000c4600000, 0x00000000eab00000)
  object space 71680K, 73% used [0x00000000c0000000,0x00000000c3351ca0,0x00000000c4600000)
 Metaspace       used 52643K, capacity 56058K, committed 56104K, reserved 1097728K
  class space    used 7137K, capacity 8191K, committed 8232K, reserved 1048576K
GC Heap History (10 events):
Event: 46.032 GC heap before
{Heap before GC invocations=17 (full 2):
 PSYoungGen      total 146432K, used 133632K [0x00000000eab00000, 0x00000000f4b80000, 0x0000000100000000)
  eden space 133632K, 100% used [0x00000000eab00000,0x00000000f2d80000,0x00000000f2d80000)
  from space 12800K, 0% used [0x00000000f3a80000,0x00000000f3a80000,0x00000000f4700000)
  to   space 13312K, 0% used [0x00000000f2d80000,0x00000000f2d80000,0x00000000f3a80000)
 ParOldGen       total 71680K, used 22722K [0x00000000c0000000, 0x00000000c4600000, 0x00000000eab00000)
  object space 71680K, 31% used [0x00000000c0000000,0x00000000c16309b8,0x00000000c4600000)
 Metaspace       used 39078K, capacity 40352K, committed 40616K, reserved 1083392K
  class space    used 5299K, capacity 5771K, committed 5800K, reserved 1048576K
Event: 46.068 GC heap after
Heap after GC invocations=17 (full 2):
 PSYoungGen      total 146944K, used 13296K [0x00000000eab00000, 0x00000000f7a80000, 0x0000000100000000)
  eden space 133632K, 0% used [0x00000000eab00000,0x00000000eab00000,0x00000000f2d80000)
  from space 13312K, 99% used [0x00000000f2d80000,0x00000000f3a7c118,0x00000000f3a80000)
  to   space 16896K, 0% used [0x00000000f6a00000,0x00000000f6a00000,0x00000000f7a80000)
 ParOldGen       total 71680K, used 25879K [0x00000000c0000000, 0x00000000c4600000, 0x00000000eab00000)
  object space 71680K, 36% used [0x00000000c0000000,0x00000000c1945ca8,0x00000000c4600000)
 Metaspace       used 39078K, capacity 40352K, committed 40616K, reserved 1083392K
  class space    used 5299K, capacity 5771K, committed 5800K, reserved 1048576K
}
Event: 50.189 GC heap before
{Heap before GC invocations=18 (full 2):
 PSYoungGen      total 146944K, used 146928K [0x00000000eab00000, 0x00000000f7a80000, 0x0000000100000000)
  eden space 133632K, 100% used [0x00000000eab00000,0x00000000f2d80000,0x00000000f2d80000)
  from space 13312K, 99% used [0x00000000f2d80000,0x00000000f3a7c118,0x00000000f3a80000)
  to   space 16896K, 0% used [0x00000000f6a00000,0x00000000f6a00000,0x00000000f7a80000)
 ParOldGen       total 71680K, used 25879K [0x00000000c0000000, 0x00000000c4600000, 0x00000000eab00000)
  object space 71680K, 36% used [0x00000000c0000000,0x00000000c1945ca8,0x00000000c4600000)
 Metaspace       used 43457K, capacity 45454K, committed 45736K, reserved 1087488K
  class space    used 6016K, capacity 6750K, committed 6824K, reserved 1048576K
Event: 50.337 GC heap after
Heap after GC invocations=18 (full 2):
 PSYoungGen      total 192512K, used 16582K [0x00000000eab00000, 0x00000000f8080000, 0x0000000100000000)
  eden space 175616K, 0% used [0x00000000eab00000,0x00000000eab00000,0x00000000f5680000)
  from space 16896K, 98% used [0x00000000f6a00000,0x00000000f7a319d8,0x00000000f7a80000)
  to   space 19968K, 0% used [0x00000000f5680000,0x00000000f5680000,0x00000000f6a00000)
 ParOldGen       total 71680K, used 38420K [0x00000000c0000000, 0x00000000c4600000, 0x00000000eab00000)
  object space 71680K, 53% used [0x00000000c0000000,0x00000000c25850c8,0x00000000c4600000)
 Metaspace       used 43457K, capacity 45454K, committed 45736K, reserved 1087488K
  class space    used 6016K, capacity 6750K, committed 6824K, reserved 1048576K
}
Event: 50.337 GC heap before
{Heap before GC invocations=19 (full 3):
 PSYoungGen      total 192512K, used 16582K [0x00000000eab00000, 0x00000000f8080000, 0x0000000100000000)
  eden space 175616K, 0% used [0x00000000eab00000,0x00000000eab00000,0x00000000f5680000)
  from space 16896K, 98% used [0x00000000f6a00000,0x00000000f7a319d8,0x00000000f7a80000)
  to   space 19968K, 0% used [0x00000000f5680000,0x00000000f5680000,0x00000000f6a00000)
 ParOldGen       total 71680K, used 38420K [0x00000000c0000000, 0x00000000c4600000, 0x00000000eab00000)
  object space 71680K, 53% used [0x00000000c0000000,0x00000000c25850c8,0x00000000c4600000)
 Metaspace       used 43457K, capacity 45454K, committed 45736K, reserved 1087488K
  class space    used 6016K, capacity 6750K, committed 6824K, reserved 1048576K
Event: 51.600 GC heap after
Heap after GC invocations=19 (full 3):
 PSYoungGen      total 192512K, used 0K [0x00000000eab00000, 0x00000000f8080000, 0x0000000100000000)
  eden space 175616K, 0% used [0x00000000eab00000,0x00000000eab00000,0x00000000f5680000)
  from space 16896K, 0% used [0x00000000f6a00000,0x00000000f6a00000,0x00000000f7a80000)
  to   space 19968K, 0% used [0x00000000f5680000,0x00000000f5680000,0x00000000f6a00000)
 ParOldGen       total 71680K, used 48423K [0x00000000c0000000, 0x00000000c4600000, 0x00000000eab00000)
  object space 71680K, 67% used [0x00000000c0000000,0x00000000c2f49c00,0x00000000c4600000)
 Metaspace       used 43457K, capacity 45454K, committed 45736K, reserved 1087488K
  class space    used 6016K, capacity 6750K, committed 6824K, reserved 1048576K
}
Event: 129.427 GC heap before
{Heap before GC invocations=20 (full 3):
 PSYoungGen      total 192512K, used 175616K [0x00000000eab00000, 0x00000000f8080000, 0x0000000100000000)
  eden space 175616K, 100% used [0x00000000eab00000,0x00000000f5680000,0x00000000f5680000)
  from space 16896K, 0% used [0x00000000f6a00000,0x00000000f6a00000,0x00000000f7a80000)
  to   space 19968K, 0% used [0x00000000f5680000,0x00000000f5680000,0x00000000f6a00000)
 ParOldGen       total 71680K, used 48423K [0x00000000c0000000, 0x00000000c4600000, 0x00000000eab00000)
  object space 71680K, 67% used [0x00000000c0000000,0x00000000c2f49c00,0x00000000c4600000)
 Metaspace       used 46194K, capacity 48790K, committed 49064K, reserved 1091584K
  class space    used 6396K, capacity 7299K, committed 7336K, reserved 1048576K
Event: 129.444 GC heap after
Heap after GC invocations=20 (full 3):
 PSYoungGen      total 195584K, used 6256K [0x00000000eab00000, 0x00000000fad00000, 0x0000000100000000)
  eden space 175616K, 0% used [0x00000000eab00000,0x00000000eab00000,0x00000000f5680000)
  from space 19968K, 31% used [0x00000000f5680000,0x00000000f5c9c010,0x00000000f6a00000)
  to   space 18432K, 0% used [0x00000000f9b00000,0x00000000f9b00000,0x00000000fad00000)
 ParOldGen       total 71680K, used 48431K [0x00000000c0000000, 0x00000000c4600000, 0x00000000eab00000)
  object space 71680K, 67% used [0x00000000c0000000,0x00000000c2f4bc00,0x00000000c4600000)
 Metaspace       used 46194K, capacity 48790K, committed 49064K, reserved 1091584K
  class space    used 6396K, capacity 7299K, committed 7336K, reserved 1048576K
}
Event: 331.095 GC heap before
{Heap before GC invocations=21 (full 3):
 PSYoungGen      total 195584K, used 181872K [0x00000000eab00000, 0x00000000fad00000, 0x0000000100000000)
  eden space 175616K, 100% used [0x00000000eab00000,0x00000000f5680000,0x00000000f5680000)
  from space 19968K, 31% used [0x00000000f5680000,0x00000000f5c9c010,0x00000000f6a00000)
  to   space 18432K, 0% used [0x00000000f9b00000,0x00000000f9b00000,0x00000000fad00000)
 ParOldGen       total 71680K, used 48431K [0x00000000c0000000, 0x00000000c4600000, 0x00000000eab00000)
  object space 71680K, 67% used [0x00000000c0000000,0x00000000c2f4bc00,0x00000000c4600000)
 Metaspace       used 46911K, capacity 49924K, committed 50088K, reserved 1091584K
  class space    used 6480K, capacity 7496K, committed 7592K, reserved 1048576K
Event: 331.111 GC heap after
Heap after GC invocations=21 (full 3):
 PSYoungGen      total 209920K, used 4400K [0x00000000eab00000, 0x00000000f9f80000, 0x0000000100000000)
  eden space 205312K, 0% used [0x00000000eab00000,0x00000000eab00000,0x00000000f7380000)
  from space 4608K, 95% used [0x00000000f9b00000,0x00000000f9f4c118,0x00000000f9f80000)
  to   space 17920K, 0% used [0x00000000f7c80000,0x00000000f7c80000,0x00000000f8e00000)
 ParOldGen       total 71680K, used 52551K [0x00000000c0000000, 0x00000000c4600000, 0x00000000eab00000)
  object space 71680K, 73% used [0x00000000c0000000,0x00000000c3351ca0,0x00000000c4600000)
 Metaspace       used 46911K, capacity 49924K, committed 50088K, reserved 1091584K
  class space    used 6480K, capacity 7496K, committed 7592K, reserved 1048576K
}

