# JRE version: Java(TM) SE Runtime Environment (8.0_45-b15) (build 1.8.0_45-b15)
# Java VM: Java HotSpot(TM) 64-Bit Server VM (25.45-b02 mixed mode windows-amd64 compressed oops)
Heap:
 PSYoungGen      total 131584K, used 105692K [0x00000000eab00000, 0x00000000f6780000, 0x0000000100000000)
  eden space 118272K, 89% used [0x00000000eab00000,0x00000000f12372f8,0x00000000f1e80000)
  from space 13312K, 0% used [0x00000000f1e80000,0x00000000f1e80000,0x00000000f2b80000)
  to   space 15872K, 0% used [0x00000000f5800000,0x00000000f5800000,0x00000000f6780000)
 ParOldGen       total 99840K, used 22053K [0x00000000c0000000, 0x00000000c6180000, 0x00000000eab00000)
  object space 99840K, 22% used [0x00000000c0000000,0x00000000c15896d0,0x00000000c6180000)
 Metaspace       used 38342K, capacity 39596K, committed 39680K, reserved 1083392K
  class space    used 5151K, capacity 5593K, committed 5632K, reserved 1048576K
GC Heap History (10 events):
Event: 13.977 GC heap before
{Heap before GC invocations=11 (full 1):
 PSYoungGen      total 77824K, used 68436K [0x00000000eab00000, 0x00000000f1700000, 0x0000000100000000)
  eden space 66560K, 100% used [0x00000000eab00000,0x00000000eec00000,0x00000000eec00000)
  from space 11264K, 16% used [0x00000000eec00000,0x00000000eedd50f0,0x00000000ef700000)
  to   space 10752K, 0% used [0x00000000f0c80000,0x00000000f0c80000,0x00000000f1700000)
 ParOldGen       total 64512K, used 10783K [0x00000000c0000000, 0x00000000c3f00000, 0x00000000eab00000)
  object space 64512K, 16% used [0x00000000c0000000,0x00000000c0a87de0,0x00000000c3f00000)
 Metaspace       used 22268K, capacity 22742K, committed 22912K, reserved 1069056K
  class space    used 2933K, capacity 3110K, committed 3200K, reserved 1048576K
Event: 13.987 GC heap after
Heap after GC invocations=11 (full 1):
 PSYoungGen      total 100352K, used 2264K [0x00000000eab00000, 0x00000000f1780000, 0x0000000100000000)
  eden space 89600K, 0% used [0x00000000eab00000,0x00000000eab00000,0x00000000f0280000)
  from space 10752K, 21% used [0x00000000f0c80000,0x00000000f0eb6130,0x00000000f1700000)
  to   space 10240K, 0% used [0x00000000f0280000,0x00000000f0280000,0x00000000f0c80000)
 ParOldGen       total 64512K, used 10783K [0x00000000c0000000, 0x00000000c3f00000, 0x00000000eab00000)
  object space 64512K, 16% used [0x00000000c0000000,0x00000000c0a87de0,0x00000000c3f00000)
 Metaspace       used 22268K, capacity 22742K, committed 22912K, reserved 1069056K
  class space    used 2933K, capacity 3110K, committed 3200K, reserved 1048576K
}
Event: 16.258 GC heap before
{Heap before GC invocations=12 (full 1):
 PSYoungGen      total 100352K, used 91864K [0x00000000eab00000, 0x00000000f1780000, 0x0000000100000000)
  eden space 89600K, 100% used [0x00000000eab00000,0x00000000f0280000,0x00000000f0280000)
  from space 10752K, 21% used [0x00000000f0c80000,0x00000000f0eb6130,0x00000000f1700000)
  to   space 10240K, 0% used [0x00000000f0280000,0x00000000f0280000,0x00000000f0c80000)
 ParOldGen       total 64512K, used 10783K [0x00000000c0000000, 0x00000000c3f00000, 0x00000000eab00000)
  object space 64512K, 16% used [0x00000000c0000000,0x00000000c0a87de0,0x00000000c3f00000)
 Metaspace       used 24878K, capacity 25588K, committed 25856K, reserved 1071104K
  class space    used 3274K, capacity 3551K, committed 3584K, reserved 1048576K
Event: 16.284 GC heap after
Heap after GC invocations=12 (full 1):
 PSYoungGen      total 99840K, used 6431K [0x00000000eab00000, 0x00000000f3600000, 0x0000000100000000)
  eden space 89600K, 0% used [0x00000000eab00000,0x00000000eab00000,0x00000000f0280000)
  from space 10240K, 62% used [0x00000000f0280000,0x00000000f08c7f68,0x00000000f0c80000)
  to   space 10752K, 0% used [0x00000000f2b80000,0x00000000f2b80000,0x00000000f3600000)
 ParOldGen       total 64512K, used 11663K [0x00000000c0000000, 0x00000000c3f00000, 0x00000000eab00000)
  object space 64512K, 18% used [0x00000000c0000000,0x00000000c0b63f30,0x00000000c3f00000)
 Metaspace       used 24878K, capacity 25588K, committed 25856K, reserved 1071104K
  class space    used 3274K, capacity 3551K, committed 3584K, reserved 1048576K
}
Event: 21.300 GC heap before
{Heap before GC invocations=13 (full 1):
 PSYoungGen      total 99840K, used 96031K [0x00000000eab00000, 0x00000000f3600000, 0x0000000100000000)
  eden space 89600K, 100% used [0x00000000eab00000,0x00000000f0280000,0x00000000f0280000)
  from space 10240K, 62% used [0x00000000f0280000,0x00000000f08c7f68,0x00000000f0c80000)
  to   space 10752K, 0% used [0x00000000f2b80000,0x00000000f2b80000,0x00000000f3600000)
 ParOldGen       total 64512K, used 11663K [0x00000000c0000000, 0x00000000c3f00000, 0x00000000eab00000)
  object space 64512K, 18% used [0x00000000c0000000,0x00000000c0b63f30,0x00000000c3f00000)
 Metaspace       used 30520K, capacity 31540K, committed 31872K, reserved 1077248K
  class space    used 4019K, capacity 4385K, committed 4480K, reserved 1048576K
Event: 21.347 GC heap after
Heap after GC invocations=13 (full 1):
 PSYoungGen      total 129024K, used 10750K [0x00000000eab00000, 0x00000000f3a00000, 0x0000000100000000)
  eden space 118272K, 0% used [0x00000000eab00000,0x00000000eab00000,0x00000000f1e80000)
  from space 10752K, 99% used [0x00000000f2b80000,0x00000000f35ffbc0,0x00000000f3600000)
  to   space 13312K, 0% used [0x00000000f1e80000,0x00000000f1e80000,0x00000000f2b80000)
 ParOldGen       total 64512K, used 13155K [0x00000000c0000000, 0x00000000c3f00000, 0x00000000eab00000)
  object space 64512K, 20% used [0x00000000c0000000,0x00000000c0cd8d00,0x00000000c3f00000)
 Metaspace       used 30520K, capacity 31540K, committed 31872K, reserved 1077248K
  class space    used 4019K, capacity 4385K, committed 4480K, reserved 1048576K
}
Event: 23.225 GC heap before
{Heap before GC invocations=14 (full 1):
 PSYoungGen      total 129024K, used 62445K [0x00000000eab00000, 0x00000000f3a00000, 0x0000000100000000)
  eden space 118272K, 43% used [0x00000000eab00000,0x00000000edd7ba98,0x00000000f1e80000)
  from space 10752K, 99% used [0x00000000f2b80000,0x00000000f35ffbc0,0x00000000f3600000)
  to   space 13312K, 0% used [0x00000000f1e80000,0x00000000f1e80000,0x00000000f2b80000)
 ParOldGen       total 64512K, used 13155K [0x00000000c0000000, 0x00000000c3f00000, 0x00000000eab00000)
  object space 64512K, 20% used [0x00000000c0000000,0x00000000c0cd8d00,0x00000000c3f00000)
 Metaspace       used 34345K, capacity 35384K, committed 35456K, reserved 1079296K
  class space    used 4595K, capacity 4987K, committed 4992K, reserved 1048576K
Event: 23.270 GC heap after
Heap after GC invocations=14 (full 1):
 PSYoungGen      total 131584K, used 13282K [0x00000000eab00000, 0x00000000f6780000, 0x0000000100000000)
  eden space 118272K, 0% used [0x00000000eab00000,0x00000000eab00000,0x00000000f1e80000)
  from space 13312K, 99% used [0x00000000f1e80000,0x00000000f2b788d0,0x00000000f2b80000)
  to   space 15872K, 0% used [0x00000000f5800000,0x00000000f5800000,0x00000000f6780000)
 ParOldGen       total 64512K, used 14403K [0x00000000c0000000, 0x00000000c3f00000, 0x00000000eab00000)
  object space 64512K, 22% used [0x00000000c0000000,0x00000000c0e10f38,0x00000000c3f00000)
 Metaspace       used 34345K, capacity 35384K, committed 35456K, reserved 1079296K
  class space    used 4595K, capacity 4987K, committed 4992K, reserved 1048576K
}
Event: 23.270 GC heap before
{Heap before GC invocations=15 (full 2):
 PSYoungGen      total 131584K, used 13282K [0x00000000eab00000, 0x00000000f6780000, 0x0000000100000000)
  eden space 118272K, 0% used [0x00000000eab00000,0x00000000eab00000,0x00000000f1e80000)
  from space 13312K, 99% used [0x00000000f1e80000,0x00000000f2b788d0,0x00000000f2b80000)
  to   space 15872K, 0% used [0x00000000f5800000,0x00000000f5800000,0x00000000f6780000)
 ParOldGen       total 64512K, used 14403K [0x00000000c0000000, 0x00000000c3f00000, 0x00000000eab00000)
  object space 64512K, 22% used [0x00000000c0000000,0x00000000c0e10f38,0x00000000c3f00000)
 Metaspace       used 34345K, capacity 35384K, committed 35456K, reserved 1079296K
  class space    used 4595K, capacity 4987K, committed 4992K, reserved 1048576K
Event: 23.584 GC heap after
Heap after GC invocations=15 (full 2):
 PSYoungGen      total 131584K, used 0K [0x00000000eab00000, 0x00000000f6780000, 0x0000000100000000)
  eden space 118272K, 0% used [0x00000000eab00000,0x00000000eab00000,0x00000000f1e80000)
  from space 13312K, 0% used [0x00000000f1e80000,0x00000000f1e80000,0x00000000f2b80000)
  to   space 15872K, 0% used [0x00000000f5800000,0x00000000f5800000,0x00000000f6780000)
 ParOldGen       total 99840K, used 22053K [0x00000000c0000000, 0x00000000c6180000, 0x00000000eab00000)
  object space 99840K, 22% used [0x00000000c0000000,0x00000000c15896d0,0x00000000c6180000)
 Metaspace       used 34311K, capacity 35270K, committed 35456K, reserved 1079296K
  class space    used 4589K, capacity 4953K, committed 4992K, reserved 1048576K
}

