# JRE version: Java(TM) SE Runtime Environment (8.0_45-b15) (build 1.8.0_45-b15)
# Java VM: Java HotSpot(TM) 64-Bit Server VM (25.45-b02 mixed mode windows-amd64 compressed oops)
Heap:
 PSYoungGen      total 149504K, used 29265K [0x00000000eab00000, 0x00000000f7200000, 0x0000000100000000)
  eden space 123904K, 2% used [0x00000000eab00000,0x00000000eae963e8,0x00000000f2400000)
  from space 25600K, 99% used [0x00000000f2400000,0x00000000f3cfe028,0x00000000f3d00000)
  to   space 32256K, 0% used [0x00000000f5280000,0x00000000f5280000,0x00000000f7200000)
 ParOldGen       total 107520K, used 53849K [0x00000000c0000000, 0x00000000c6900000, 0x00000000eab00000)
  object space 107520K, 50% used [0x00000000c0000000,0x00000000c34967b0,0x00000000c6900000)
 Metaspace       used 53102K, capacity 56230K, committed 56488K, reserved 1097728K
  class space    used 7244K, capacity 8262K, committed 8360K, reserved 1048576K
GC Heap History (10 events):
Event: 49.797 GC heap before
{Heap before GC invocations=22 (full 3):
 PSYoungGen      total 126464K, used 21763K [0x00000000eab00000, 0x00000000f4d80000, 0x0000000100000000)
  eden space 100352K, 0% used [0x00000000eab00000,0x00000000eab00000,0x00000000f0d00000)
  from space 26112K, 83% used [0x00000000f0d00000,0x00000000f2240df8,0x00000000f2680000)
  to   space 29184K, 0% used [0x00000000f3100000,0x00000000f3100000,0x00000000f4d80000)
 ParOldGen       total 107520K, used 28894K [0x00000000c0000000, 0x00000000c6900000, 0x00000000eab00000)
  object space 107520K, 26% used [0x00000000c0000000,0x00000000c1c37938,0x00000000c6900000)
 Metaspace       used 43832K, capacity 45814K, committed 45992K, reserved 1089536K
  class space    used 6064K, capacity 6785K, committed 6824K, reserved 1048576K
Event: 50.505 GC heap after
Heap after GC invocations=22 (full 3):
 PSYoungGen      total 126464K, used 0K [0x00000000eab00000, 0x00000000f4d80000, 0x0000000100000000)
  eden space 100352K, 0% used [0x00000000eab00000,0x00000000eab00000,0x00000000f0d00000)
  from space 26112K, 0% used [0x00000000f0d00000,0x00000000f0d00000,0x00000000f2680000)
  to   space 29184K, 0% used [0x00000000f3100000,0x00000000f3100000,0x00000000f4d80000)
 ParOldGen       total 107520K, used 46802K [0x00000000c0000000, 0x00000000c6900000, 0x00000000eab00000)
  object space 107520K, 43% used [0x00000000c0000000,0x00000000c2db4888,0x00000000c6900000)
 Metaspace       used 43832K, capacity 45814K, committed 45992K, reserved 1089536K
  class space    used 6064K, capacity 6785K, committed 6824K, reserved 1048576K
}
Event: 70.992 GC heap before
{Heap before GC invocations=23 (full 3):
 PSYoungGen      total 126464K, used 100352K [0x00000000eab00000, 0x00000000f4d80000, 0x0000000100000000)
  eden space 100352K, 100% used [0x00000000eab00000,0x00000000f0d00000,0x00000000f0d00000)
  from space 26112K, 0% used [0x00000000f0d00000,0x00000000f0d00000,0x00000000f2680000)
  to   space 29184K, 0% used [0x00000000f3100000,0x00000000f3100000,0x00000000f4d80000)
 ParOldGen       total 107520K, used 46802K [0x00000000c0000000, 0x00000000c6900000, 0x00000000eab00000)
  object space 107520K, 43% used [0x00000000c0000000,0x00000000c2db4888,0x00000000c6900000)
 Metaspace       used 45009K, capacity 47270K, committed 47528K, reserved 1089536K
  class space    used 6216K, capacity 7009K, committed 7080K, reserved 1048576K
Event: 71.016 GC heap after
Heap after GC invocations=23 (full 3):
 PSYoungGen      total 138240K, used 6352K [0x00000000eab00000, 0x00000000f5580000, 0x0000000100000000)
  eden space 109056K, 0% used [0x00000000eab00000,0x00000000eab00000,0x00000000f1580000)
  from space 29184K, 21% used [0x00000000f3100000,0x00000000f3734118,0x00000000f4d80000)
  to   space 28160K, 0% used [0x00000000f1580000,0x00000000f1580000,0x00000000f3100000)
 ParOldGen       total 107520K, used 46810K [0x00000000c0000000, 0x00000000c6900000, 0x00000000eab00000)
  object space 107520K, 43% used [0x00000000c0000000,0x00000000c2db6888,0x00000000c6900000)
 Metaspace       used 45009K, capacity 47270K, committed 47528K, reserved 1089536K
  class space    used 6216K, capacity 7009K, committed 7080K, reserved 1048576K
}
Event: 1510.210 GC heap before
{Heap before GC invocations=24 (full 3):
 PSYoungGen      total 138240K, used 115408K [0x00000000eab00000, 0x00000000f5580000, 0x0000000100000000)
  eden space 109056K, 100% used [0x00000000eab00000,0x00000000f1580000,0x00000000f1580000)
  from space 29184K, 21% used [0x00000000f3100000,0x00000000f3734118,0x00000000f4d80000)
  to   space 28160K, 0% used [0x00000000f1580000,0x00000000f1580000,0x00000000f3100000)
 ParOldGen       total 107520K, used 46810K [0x00000000c0000000, 0x00000000c6900000, 0x00000000eab00000)
  object space 107520K, 43% used [0x00000000c0000000,0x00000000c2db6888,0x00000000c6900000)
 Metaspace       used 46683K, capacity 49360K, committed 49704K, reserved 1091584K
  class space    used 6452K, capacity 7347K, committed 7464K, reserved 1048576K
Event: 1510.222 GC heap after
Heap after GC invocations=24 (full 3):
 PSYoungGen      total 137216K, used 6596K [0x00000000eab00000, 0x00000000f5980000, 0x0000000100000000)
  eden space 109056K, 0% used [0x00000000eab00000,0x00000000eab00000,0x00000000f1580000)
  from space 28160K, 23% used [0x00000000f1580000,0x00000000f1bf11c8,0x00000000f3100000)
  to   space 26624K, 0% used [0x00000000f3f80000,0x00000000f3f80000,0x00000000f5980000)
 ParOldGen       total 107520K, used 46818K [0x00000000c0000000, 0x00000000c6900000, 0x00000000eab00000)
  object space 107520K, 43% used [0x00000000c0000000,0x00000000c2db8888,0x00000000c6900000)
 Metaspace       used 46683K, capacity 49360K, committed 49704K, reserved 1091584K
  class space    used 6452K, capacity 7347K, committed 7464K, reserved 1048576K
}
Event: 1513.909 GC heap before
{Heap before GC invocations=25 (full 3):
 PSYoungGen      total 137216K, used 115652K [0x00000000eab00000, 0x00000000f5980000, 0x0000000100000000)
  eden space 109056K, 100% used [0x00000000eab00000,0x00000000f1580000,0x00000000f1580000)
  from space 28160K, 23% used [0x00000000f1580000,0x00000000f1bf11c8,0x00000000f3100000)
  to   space 26624K, 0% used [0x00000000f3f80000,0x00000000f3f80000,0x00000000f5980000)
 ParOldGen       total 107520K, used 46818K [0x00000000c0000000, 0x00000000c6900000, 0x00000000eab00000)
  object space 107520K, 43% used [0x00000000c0000000,0x00000000c2db8888,0x00000000c6900000)
 Metaspace       used 47492K, capacity 50330K, committed 50600K, reserved 1091584K
  class space    used 6547K, capacity 7492K, committed 7592K, reserved 1048576K
Event: 1513.933 GC heap after
Heap after GC invocations=25 (full 3):
 PSYoungGen      total 146944K, used 8834K [0x00000000eab00000, 0x00000000f5600000, 0x0000000100000000)
  eden space 123904K, 0% used [0x00000000eab00000,0x00000000eab00000,0x00000000f2400000)
  from space 23040K, 38% used [0x00000000f3f80000,0x00000000f4820b60,0x00000000f5600000)
  to   space 25600K, 0% used [0x00000000f2400000,0x00000000f2400000,0x00000000f3d00000)
 ParOldGen       total 107520K, used 46826K [0x00000000c0000000, 0x00000000c6900000, 0x00000000eab00000)
  object space 107520K, 43% used [0x00000000c0000000,0x00000000c2dba888,0x00000000c6900000)
 Metaspace       used 47492K, capacity 50330K, committed 50600K, reserved 1091584K
  class space    used 6547K, capacity 7492K, committed 7592K, reserved 1048576K
}
Event: 1521.736 GC heap before
{Heap before GC invocations=26 (full 3):
 PSYoungGen      total 146944K, used 132738K [0x00000000eab00000, 0x00000000f5600000, 0x0000000100000000)
  eden space 123904K, 100% used [0x00000000eab00000,0x00000000f2400000,0x00000000f2400000)
  from space 23040K, 38% used [0x00000000f3f80000,0x00000000f4820b60,0x00000000f5600000)
  to   space 25600K, 0% used [0x00000000f2400000,0x00000000f2400000,0x00000000f3d00000)
 ParOldGen       total 107520K, used 46826K [0x00000000c0000000, 0x00000000c6900000, 0x00000000eab00000)
  object space 107520K, 43% used [0x00000000c0000000,0x00000000c2dba888,0x00000000c6900000)
 Metaspace       used 52854K, capacity 55942K, committed 56104K, reserved 1097728K
  class space    used 7235K, capacity 8230K, committed 8232K, reserved 1048576K
Event: 1521.788 GC heap after
Heap after GC invocations=26 (full 3):
 PSYoungGen      total 149504K, used 25592K [0x00000000eab00000, 0x00000000f7200000, 0x0000000100000000)
  eden space 123904K, 0% used [0x00000000eab00000,0x00000000eab00000,0x00000000f2400000)
  from space 25600K, 99% used [0x00000000f2400000,0x00000000f3cfe028,0x00000000f3d00000)
  to   space 32256K, 0% used [0x00000000f5280000,0x00000000f5280000,0x00000000f7200000)
 ParOldGen       total 107520K, used 53849K [0x00000000c0000000, 0x00000000c6900000, 0x00000000eab00000)
  object space 107520K, 50% used [0x00000000c0000000,0x00000000c34967b0,0x00000000c6900000)
 Metaspace       used 52854K, capacity 55942K, committed 56104K, reserved 1097728K
  class space    used 7235K, capacity 8230K, committed 8232K, reserved 1048576K
}

