# JRE version: Java(TM) SE Runtime Environment (8.0_45-b15) (build 1.8.0_45-b15)
# Java VM: Java HotSpot(TM) 64-Bit Server VM (25.45-b02 mixed mode windows-amd64 compressed oops)
Heap:
 PSYoungGen      total 34816K, used 18523K [0x00000000eab00000, 0x00000000ed180000, 0x0000000100000000)
  eden space 30208K, 46% used [0x00000000eab00000,0x00000000eb89aeb0,0x00000000ec880000)
  from space 4608K, 99% used [0x00000000ec880000,0x00000000eccfc010,0x00000000ecd00000)
  to   space 4608K, 0% used [0x00000000ecd00000,0x00000000ecd00000,0x00000000ed180000)
 ParOldGen       total 79360K, used 5273K [0x00000000c0000000, 0x00000000c4d80000, 0x00000000eab00000)
  object space 79360K, 6% used [0x00000000c0000000,0x00000000c0526738,0x00000000c4d80000)
 Metaspace       used 18843K, capacity 19282K, committed 19456K, reserved 1067008K
  class space    used 2601K, capacity 2753K, committed 2816K, reserved 1048576K
GC Heap History (6 events):
Event: 3.542 GC heap before
{Heap before GC invocations=1 (full 0):
 PSYoungGen      total 34816K, used 30208K [0x00000000eab00000, 0x00000000ed180000, 0x0000000100000000)
  eden space 30208K, 100% used [0x00000000eab00000,0x00000000ec880000,0x00000000ec880000)
  from space 4608K, 0% used [0x00000000ecd00000,0x00000000ecd00000,0x00000000ed180000)
  to   space 4608K, 0% used [0x00000000ec880000,0x00000000ec880000,0x00000000ecd00000)
 ParOldGen       total 79360K, used 0K [0x00000000c0000000, 0x00000000c4d80000, 0x00000000eab00000)
  object space 79360K, 0% used [0x00000000c0000000,0x00000000c0000000,0x00000000c4d80000)
 Metaspace       used 5648K, capacity 6032K, committed 6272K, reserved 1056768K
  class space    used 727K, capacity 800K, committed 896K, reserved 1048576K
Event: 3.560 GC heap after
Heap after GC invocations=1 (full 0):
 PSYoungGen      total 34816K, used 3810K [0x00000000eab00000, 0x00000000ed180000, 0x0000000100000000)
  eden space 30208K, 0% used [0x00000000eab00000,0x00000000eab00000,0x00000000ec880000)
  from space 4608K, 82% used [0x00000000ec880000,0x00000000ecc388c8,0x00000000ecd00000)
  to   space 4608K, 0% used [0x00000000ecd00000,0x00000000ecd00000,0x00000000ed180000)
 ParOldGen       total 79360K, used 16K [0x00000000c0000000, 0x00000000c4d80000, 0x00000000eab00000)
  object space 79360K, 0% used [0x00000000c0000000,0x00000000c0004000,0x00000000c4d80000)
 Metaspace       used 5648K, capacity 6032K, committed 6272K, reserved 1056768K
  class space    used 727K, capacity 800K, committed 896K, reserved 1048576K
}
Event: 11.150 GC heap before
{Heap before GC invocations=2 (full 0):
 PSYoungGen      total 34816K, used 34018K [0x00000000eab00000, 0x00000000ed180000, 0x0000000100000000)
  eden space 30208K, 100% used [0x00000000eab00000,0x00000000ec880000,0x00000000ec880000)
  from space 4608K, 82% used [0x00000000ec880000,0x00000000ecc388c8,0x00000000ecd00000)
  to   space 4608K, 0% used [0x00000000ecd00000,0x00000000ecd00000,0x00000000ed180000)
 ParOldGen       total 79360K, used 16K [0x00000000c0000000, 0x00000000c4d80000, 0x00000000eab00000)
  object space 79360K, 0% used [0x00000000c0000000,0x00000000c0004000,0x00000000c4d80000)
 Metaspace       used 12036K, capacity 12394K, committed 12544K, reserved 1060864K
  class space    used 1621K, capacity 1745K, committed 1792K, reserved 1048576K
Event: 11.200 GC heap after
Heap after GC invocations=2 (full 0):
 PSYoungGen      total 34816K, used 4581K [0x00000000eab00000, 0x00000000ed180000, 0x0000000100000000)
  eden space 30208K, 0% used [0x00000000eab00000,0x00000000eab00000,0x00000000ec880000)
  from space 4608K, 99% used [0x00000000ecd00000,0x00000000ed179760,0x00000000ed180000)
  to   space 4608K, 0% used [0x00000000ec880000,0x00000000ec880000,0x00000000ecd00000)
 ParOldGen       total 79360K, used 1447K [0x00000000c0000000, 0x00000000c4d80000, 0x00000000eab00000)
  object space 79360K, 1% used [0x00000000c0000000,0x00000000c0169ed8,0x00000000c4d80000)
 Metaspace       used 12036K, capacity 12394K, committed 12544K, reserved 1060864K
  class space    used 1621K, capacity 1745K, committed 1792K, reserved 1048576K
}
Event: 18.267 GC heap before
{Heap before GC invocations=3 (full 0):
 PSYoungGen      total 34816K, used 34789K [0x00000000eab00000, 0x00000000ed180000, 0x0000000100000000)
  eden space 30208K, 100% used [0x00000000eab00000,0x00000000ec880000,0x00000000ec880000)
  from space 4608K, 99% used [0x00000000ecd00000,0x00000000ed179760,0x00000000ed180000)
  to   space 4608K, 0% used [0x00000000ec880000,0x00000000ec880000,0x00000000ecd00000)
 ParOldGen       total 79360K, used 1447K [0x00000000c0000000, 0x00000000c4d80000, 0x00000000eab00000)
  object space 79360K, 1% used [0x00000000c0000000,0x00000000c0169ed8,0x00000000c4d80000)
 Metaspace       used 17318K, capacity 17682K, committed 17920K, reserved 1064960K
  class space    used 2369K, capacity 2497K, committed 2560K, reserved 1048576K
Event: 18.292 GC heap after
Heap after GC invocations=3 (full 0):
 PSYoungGen      total 34816K, used 4592K [0x00000000eab00000, 0x00000000ed180000, 0x0000000100000000)
  eden space 30208K, 0% used [0x00000000eab00000,0x00000000eab00000,0x00000000ec880000)
  from space 4608K, 99% used [0x00000000ec880000,0x00000000eccfc010,0x00000000ecd00000)
  to   space 4608K, 0% used [0x00000000ecd00000,0x00000000ecd00000,0x00000000ed180000)
 ParOldGen       total 79360K, used 5273K [0x00000000c0000000, 0x00000000c4d80000, 0x00000000eab00000)
  object space 79360K, 6% used [0x00000000c0000000,0x00000000c0526738,0x00000000c4d80000)
 Metaspace       used 17318K, capacity 17682K, committed 17920K, reserved 1064960K
  class space    used 2369K, capacity 2497K, committed 2560K, reserved 1048576K
}

