# JRE version: Java(TM) SE Runtime Environment (8.0_45-b15) (build 1.8.0_45-b15)
# Java VM: Java HotSpot(TM) 64-Bit Server VM (25.45-b02 mixed mode windows-amd64 compressed oops)
Heap:
 PSYoungGen      total 158208K, used 156130K [0x00000000eab00000, 0x00000000f5980000, 0x0000000100000000)
  eden space 142848K, 100% used [0x00000000eab00000,0x00000000f3680000,0x00000000f3680000)
  from space 15360K, 86% used [0x00000000f4a80000,0x00000000f5778a68,0x00000000f5980000)
  to   space 17920K, 0% used [0x00000000f3680000,0x00000000f3680000,0x00000000f4800000)
 ParOldGen       total 86016K, used 36180K [0x00000000c0000000, 0x00000000c5400000, 0x00000000eab00000)
  object space 86016K, 42% used [0x00000000c0000000,0x00000000c2355188,0x00000000c5400000)
 Metaspace       used 45930K, capacity 47746K, committed 48000K, reserved 1089536K
  class space    used 6299K, capacity 6970K, committed 7040K, reserved 1048576K
GC Heap History (10 events):
Event: 16.462 GC heap before
{Heap before GC invocations=10 (full 1):
 PSYoungGen      total 89088K, used 89075K [0x00000000eab00000, 0x00000000f1800000, 0x0000000100000000)
  eden space 79360K, 100% used [0x00000000eab00000,0x00000000ef880000,0x00000000ef880000)
  from space 9728K, 99% used [0x00000000f0380000,0x00000000f0cfcfc0,0x00000000f0d00000)
  to   space 11264K, 0% used [0x00000000ef880000,0x00000000ef880000,0x00000000f0380000)
 ParOldGen       total 52736K, used 8081K [0x00000000c0000000, 0x00000000c3380000, 0x00000000eab00000)
  object space 52736K, 15% used [0x00000000c0000000,0x00000000c07e45d8,0x00000000c3380000)
 Metaspace       used 33798K, capacity 34830K, committed 34944K, reserved 1079296K
  class space    used 4613K, capacity 4992K, committed 4992K, reserved 1048576K
Event: 16.530 GC heap after
Heap after GC invocations=10 (full 1):
 PSYoungGen      total 90624K, used 11248K [0x00000000eab00000, 0x00000000f3280000, 0x0000000100000000)
  eden space 79360K, 0% used [0x00000000eab00000,0x00000000eab00000,0x00000000ef880000)
  from space 11264K, 99% used [0x00000000ef880000,0x00000000f037c128,0x00000000f0380000)
  to   space 14848K, 0% used [0x00000000f2400000,0x00000000f2400000,0x00000000f3280000)
 ParOldGen       total 52736K, used 13734K [0x00000000c0000000, 0x00000000c3380000, 0x00000000eab00000)
  object space 52736K, 26% used [0x00000000c0000000,0x00000000c0d69838,0x00000000c3380000)
 Metaspace       used 33798K, capacity 34830K, committed 34944K, reserved 1079296K
  class space    used 4613K, capacity 4992K, committed 4992K, reserved 1048576K
}
Event: 17.161 GC heap before
{Heap before GC invocations=11 (full 1):
 PSYoungGen      total 90624K, used 25734K [0x00000000eab00000, 0x00000000f3280000, 0x0000000100000000)
  eden space 79360K, 18% used [0x00000000eab00000,0x00000000eb925a58,0x00000000ef880000)
  from space 11264K, 99% used [0x00000000ef880000,0x00000000f037c128,0x00000000f0380000)
  to   space 14848K, 0% used [0x00000000f2400000,0x00000000f2400000,0x00000000f3280000)
 ParOldGen       total 52736K, used 13734K [0x00000000c0000000, 0x00000000c3380000, 0x00000000eab00000)
  object space 52736K, 26% used [0x00000000c0000000,0x00000000c0d69838,0x00000000c3380000)
 Metaspace       used 34340K, capacity 35384K, committed 35496K, reserved 1079296K
  class space    used 4676K, capacity 5063K, committed 5120K, reserved 1048576K
Event: 17.212 GC heap after
Heap after GC invocations=11 (full 1):
 PSYoungGen      total 123904K, used 8548K [0x00000000eab00000, 0x00000000f3700000, 0x0000000100000000)
  eden space 109056K, 0% used [0x00000000eab00000,0x00000000eab00000,0x00000000f1580000)
  from space 14848K, 57% used [0x00000000f2400000,0x00000000f2c591b0,0x00000000f3280000)
  to   space 14848K, 0% used [0x00000000f1580000,0x00000000f1580000,0x00000000f2400000)
 ParOldGen       total 52736K, used 17623K [0x00000000c0000000, 0x00000000c3380000, 0x00000000eab00000)
  object space 52736K, 33% used [0x00000000c0000000,0x00000000c1135ca8,0x00000000c3380000)
 Metaspace       used 34340K, capacity 35384K, committed 35496K, reserved 1079296K
  class space    used 4676K, capacity 5063K, committed 5120K, reserved 1048576K
}
Event: 17.212 GC heap before
{Heap before GC invocations=12 (full 2):
 PSYoungGen      total 123904K, used 8548K [0x00000000eab00000, 0x00000000f3700000, 0x0000000100000000)
  eden space 109056K, 0% used [0x00000000eab00000,0x00000000eab00000,0x00000000f1580000)
  from space 14848K, 57% used [0x00000000f2400000,0x00000000f2c591b0,0x00000000f3280000)
  to   space 14848K, 0% used [0x00000000f1580000,0x00000000f1580000,0x00000000f2400000)
 ParOldGen       total 52736K, used 17623K [0x00000000c0000000, 0x00000000c3380000, 0x00000000eab00000)
  object space 52736K, 33% used [0x00000000c0000000,0x00000000c1135ca8,0x00000000c3380000)
 Metaspace       used 34340K, capacity 35384K, committed 35496K, reserved 1079296K
  class space    used 4676K, capacity 5063K, committed 5120K, reserved 1048576K
Event: 17.638 GC heap after
Heap after GC invocations=12 (full 2):
 PSYoungGen      total 123904K, used 0K [0x00000000eab00000, 0x00000000f3700000, 0x0000000100000000)
  eden space 109056K, 0% used [0x00000000eab00000,0x00000000eab00000,0x00000000f1580000)
  from space 14848K, 0% used [0x00000000f2400000,0x00000000f2400000,0x00000000f3280000)
  to   space 14848K, 0% used [0x00000000f1580000,0x00000000f1580000,0x00000000f2400000)
 ParOldGen       total 86016K, used 22479K [0x00000000c0000000, 0x00000000c5400000, 0x00000000eab00000)
  object space 86016K, 26% used [0x00000000c0000000,0x00000000c15f3d10,0x00000000c5400000)
 Metaspace       used 34340K, capacity 35384K, committed 35496K, reserved 1079296K
  class space    used 4676K, capacity 5063K, committed 5120K, reserved 1048576K
}
Event: 20.481 GC heap before
{Heap before GC invocations=13 (full 2):
 PSYoungGen      total 123904K, used 109056K [0x00000000eab00000, 0x00000000f3700000, 0x0000000100000000)
  eden space 109056K, 100% used [0x00000000eab00000,0x00000000f1580000,0x00000000f1580000)
  from space 14848K, 0% used [0x00000000f2400000,0x00000000f2400000,0x00000000f3280000)
  to   space 14848K, 0% used [0x00000000f1580000,0x00000000f1580000,0x00000000f2400000)
 ParOldGen       total 86016K, used 22479K [0x00000000c0000000, 0x00000000c5400000, 0x00000000eab00000)
  object space 86016K, 26% used [0x00000000c0000000,0x00000000c15f3d10,0x00000000c5400000)
 Metaspace       used 37524K, capacity 38886K, committed 39168K, reserved 1083392K
  class space    used 5224K, capacity 5764K, committed 5888K, reserved 1048576K
Event: 20.602 GC heap after
Heap after GC invocations=13 (full 2):
 PSYoungGen      total 123904K, used 14824K [0x00000000eab00000, 0x00000000f5b00000, 0x0000000100000000)
  eden space 109056K, 0% used [0x00000000eab00000,0x00000000eab00000,0x00000000f1580000)
  from space 14848K, 99% used [0x00000000f1580000,0x00000000f23fa360,0x00000000f2400000)
  to   space 16896K, 0% used [0x00000000f4a80000,0x00000000f4a80000,0x00000000f5b00000)
 ParOldGen       total 86016K, used 22715K [0x00000000c0000000, 0x00000000c5400000, 0x00000000eab00000)
  object space 86016K, 26% used [0x00000000c0000000,0x00000000c162ef08,0x00000000c5400000)
 Metaspace       used 37524K, capacity 38886K, committed 39168K, reserved 1083392K
  class space    used 5224K, capacity 5764K, committed 5888K, reserved 1048576K
}
Event: 30.273 GC heap before
{Heap before GC invocations=14 (full 2):
 PSYoungGen      total 123904K, used 123880K [0x00000000eab00000, 0x00000000f5b00000, 0x0000000100000000)
  eden space 109056K, 100% used [0x00000000eab00000,0x00000000f1580000,0x00000000f1580000)
  from space 14848K, 99% used [0x00000000f1580000,0x00000000f23fa360,0x00000000f2400000)
  to   space 16896K, 0% used [0x00000000f4a80000,0x00000000f4a80000,0x00000000f5b00000)
 ParOldGen       total 86016K, used 22715K [0x00000000c0000000, 0x00000000c5400000, 0x00000000eab00000)
  object space 86016K, 26% used [0x00000000c0000000,0x00000000c162ef08,0x00000000c5400000)
 Metaspace       used 39834K, capacity 41262K, committed 41472K, reserved 1085440K
  class space    used 5565K, capacity 6113K, committed 6144K, reserved 1048576K
Event: 30.351 GC heap after
Heap after GC invocations=14 (full 2):
 PSYoungGen      total 158208K, used 13282K [0x00000000eab00000, 0x00000000f5980000, 0x0000000100000000)
  eden space 142848K, 0% used [0x00000000eab00000,0x00000000eab00000,0x00000000f3680000)
  from space 15360K, 86% used [0x00000000f4a80000,0x00000000f5778a68,0x00000000f5980000)
  to   space 17920K, 0% used [0x00000000f3680000,0x00000000f3680000,0x00000000f4800000)
 ParOldGen       total 86016K, used 36180K [0x00000000c0000000, 0x00000000c5400000, 0x00000000eab00000)
  object space 86016K, 42% used [0x00000000c0000000,0x00000000c2355188,0x00000000c5400000)
 Metaspace       used 39834K, capacity 41262K, committed 41472K, reserved 1085440K
  class space    used 5565K, capacity 6113K, committed 6144K, reserved 1048576K
}

