# JRE version: Java(TM) SE Runtime Environment (8.0_45-b15) (build 1.8.0_45-b15)
# Java VM: Java HotSpot(TM) 64-Bit Server VM (25.45-b02 mixed mode windows-amd64 compressed oops)
Heap:
 PSYoungGen      total 242176K, used 80906K [0x00000000eab00000, 0x00000000fff80000, 0x0000000100000000)
  eden space 220672K, 33% used [0x00000000eab00000,0x00000000ef3a9828,0x00000000f8280000)
  from space 21504K, 30% used [0x00000000f9680000,0x00000000f9cd9028,0x00000000fab80000)
  to   space 20480K, 0% used [0x00000000f8280000,0x00000000f8280000,0x00000000f9680000)
 ParOldGen       total 80896K, used 48053K [0x00000000c0000000, 0x00000000c4f00000, 0x00000000eab00000)
  object space 80896K, 59% used [0x00000000c0000000,0x00000000c2eed680,0x00000000c4f00000)
 Metaspace       used 46731K, capacity 49830K, committed 50088K, reserved 1091584K
  class space    used 6459K, capacity 7472K, committed 7592K, reserved 1048576K
GC Heap History (10 events):
Event: 23.719 GC heap before
{Heap before GC invocations=15 (full 2):
 PSYoungGen      total 160768K, used 544K [0x00000000eab00000, 0x00000000fa980000, 0x0000000100000000)
  eden space 144384K, 0% used [0x00000000eab00000,0x00000000eab00000,0x00000000f3800000)
  from space 16384K, 3% used [0x00000000f3800000,0x00000000f3888000,0x00000000f4800000)
  to   space 16384K, 0% used [0x00000000f9980000,0x00000000f9980000,0x00000000fa980000)
 ParOldGen       total 61952K, used 26291K [0x00000000c0000000, 0x00000000c3c80000, 0x00000000eab00000)
  object space 61952K, 42% used [0x00000000c0000000,0x00000000c19acfc0,0x00000000c3c80000)
 Metaspace       used 34337K, capacity 35432K, committed 35496K, reserved 1079296K
  class space    used 4602K, capacity 5023K, committed 5032K, reserved 1048576K
Event: 23.975 GC heap after
Heap after GC invocations=15 (full 2):
 PSYoungGen      total 160768K, used 0K [0x00000000eab00000, 0x00000000fa980000, 0x0000000100000000)
  eden space 144384K, 0% used [0x00000000eab00000,0x00000000eab00000,0x00000000f3800000)
  from space 16384K, 0% used [0x00000000f3800000,0x00000000f3800000,0x00000000f4800000)
  to   space 16384K, 0% used [0x00000000f9980000,0x00000000f9980000,0x00000000fa980000)
 ParOldGen       total 80896K, used 19813K [0x00000000c0000000, 0x00000000c4f00000, 0x00000000eab00000)
  object space 80896K, 24% used [0x00000000c0000000,0x00000000c1359520,0x00000000c4f00000)
 Metaspace       used 34303K, capacity 35318K, committed 35496K, reserved 1079296K
  class space    used 4596K, capacity 4989K, committed 5032K, reserved 1048576K
}
Event: 26.999 GC heap before
{Heap before GC invocations=16 (full 2):
 PSYoungGen      total 160768K, used 144384K [0x00000000eab00000, 0x00000000fa980000, 0x0000000100000000)
  eden space 144384K, 100% used [0x00000000eab00000,0x00000000f3800000,0x00000000f3800000)
  from space 16384K, 0% used [0x00000000f3800000,0x00000000f3800000,0x00000000f4800000)
  to   space 16384K, 0% used [0x00000000f9980000,0x00000000f9980000,0x00000000fa980000)
 ParOldGen       total 80896K, used 19813K [0x00000000c0000000, 0x00000000c4f00000, 0x00000000eab00000)
  object space 80896K, 24% used [0x00000000c0000000,0x00000000c1359520,0x00000000c4f00000)
 Metaspace       used 39394K, capacity 40796K, committed 41000K, reserved 1085440K
  class space    used 5361K, capacity 5900K, committed 5928K, reserved 1048576K
Event: 27.037 GC heap after
Heap after GC invocations=16 (full 2):
 PSYoungGen      total 236032K, used 16380K [0x00000000eab00000, 0x00000000fa980000, 0x0000000100000000)
  eden space 219648K, 0% used [0x00000000eab00000,0x00000000eab00000,0x00000000f8180000)
  from space 16384K, 99% used [0x00000000f9980000,0x00000000fa97f0b8,0x00000000fa980000)
  to   space 19968K, 0% used [0x00000000f8280000,0x00000000f8280000,0x00000000f9600000)
 ParOldGen       total 80896K, used 21510K [0x00000000c0000000, 0x00000000c4f00000, 0x00000000eab00000)
  object space 80896K, 26% used [0x00000000c0000000,0x00000000c1501b88,0x00000000c4f00000)
 Metaspace       used 39394K, capacity 40796K, committed 41000K, reserved 1085440K
  class space    used 5361K, capacity 5900K, committed 5928K, reserved 1048576K
}
Event: 29.051 GC heap before
{Heap before GC invocations=17 (full 2):
 PSYoungGen      total 236032K, used 137394K [0x00000000eab00000, 0x00000000fa980000, 0x0000000100000000)
  eden space 219648K, 55% used [0x00000000eab00000,0x00000000f212db08,0x00000000f8180000)
  from space 16384K, 99% used [0x00000000f9980000,0x00000000fa97f0b8,0x00000000fa980000)
  to   space 19968K, 0% used [0x00000000f8280000,0x00000000f8280000,0x00000000f9600000)
 ParOldGen       total 80896K, used 21510K [0x00000000c0000000, 0x00000000c4f00000, 0x00000000eab00000)
  object space 80896K, 26% used [0x00000000c0000000,0x00000000c1501b88,0x00000000c4f00000)
 Metaspace       used 43378K, capacity 45394K, committed 45480K, reserved 1087488K
  class space    used 6014K, capacity 6754K, committed 6824K, reserved 1048576K
Event: 29.137 GC heap after
Heap after GC invocations=17 (full 2):
 PSYoungGen      total 239616K, used 14725K [0x00000000eab00000, 0x00000000fab80000, 0x0000000100000000)
  eden space 219648K, 0% used [0x00000000eab00000,0x00000000eab00000,0x00000000f8180000)
  from space 19968K, 73% used [0x00000000f8280000,0x00000000f90e14d0,0x00000000f9600000)
  to   space 21504K, 0% used [0x00000000f9680000,0x00000000f9680000,0x00000000fab80000)
 ParOldGen       total 80896K, used 35702K [0x00000000c0000000, 0x00000000c4f00000, 0x00000000eab00000)
  object space 80896K, 44% used [0x00000000c0000000,0x00000000c22dd9a8,0x00000000c4f00000)
 Metaspace       used 43378K, capacity 45394K, committed 45480K, reserved 1087488K
  class space    used 6014K, capacity 6754K, committed 6824K, reserved 1048576K
}
Event: 29.137 GC heap before
{Heap before GC invocations=18 (full 3):
 PSYoungGen      total 239616K, used 14725K [0x00000000eab00000, 0x00000000fab80000, 0x0000000100000000)
  eden space 219648K, 0% used [0x00000000eab00000,0x00000000eab00000,0x00000000f8180000)
  from space 19968K, 73% used [0x00000000f8280000,0x00000000f90e14d0,0x00000000f9600000)
  to   space 21504K, 0% used [0x00000000f9680000,0x00000000f9680000,0x00000000fab80000)
 ParOldGen       total 80896K, used 35702K [0x00000000c0000000, 0x00000000c4f00000, 0x00000000eab00000)
  object space 80896K, 44% used [0x00000000c0000000,0x00000000c22dd9a8,0x00000000c4f00000)
 Metaspace       used 43378K, capacity 45394K, committed 45480K, reserved 1087488K
  class space    used 6014K, capacity 6754K, committed 6824K, reserved 1048576K
Event: 29.799 GC heap after
Heap after GC invocations=18 (full 3):
 PSYoungGen      total 239616K, used 0K [0x00000000eab00000, 0x00000000fab80000, 0x0000000100000000)
  eden space 219648K, 0% used [0x00000000eab00000,0x00000000eab00000,0x00000000f8180000)
  from space 19968K, 0% used [0x00000000f8280000,0x00000000f8280000,0x00000000f9600000)
  to   space 21504K, 0% used [0x00000000f9680000,0x00000000f9680000,0x00000000fab80000)
 ParOldGen       total 80896K, used 48045K [0x00000000c0000000, 0x00000000c4f00000, 0x00000000eab00000)
  object space 80896K, 59% used [0x00000000c0000000,0x00000000c2eeb680,0x00000000c4f00000)
 Metaspace       used 43378K, capacity 45394K, committed 45480K, reserved 1087488K
  class space    used 6014K, capacity 6754K, committed 6824K, reserved 1048576K
}
Event: 1913.811 GC heap before
{Heap before GC invocations=19 (full 3):
 PSYoungGen      total 239616K, used 219648K [0x00000000eab00000, 0x00000000fab80000, 0x0000000100000000)
  eden space 219648K, 100% used [0x00000000eab00000,0x00000000f8180000,0x00000000f8180000)
  from space 19968K, 0% used [0x00000000f8280000,0x00000000f8280000,0x00000000f9600000)
  to   space 21504K, 0% used [0x00000000f9680000,0x00000000f9680000,0x00000000fab80000)
 ParOldGen       total 80896K, used 48045K [0x00000000c0000000, 0x00000000c4f00000, 0x00000000eab00000)
  object space 80896K, 59% used [0x00000000c0000000,0x00000000c2eeb680,0x00000000c4f00000)
 Metaspace       used 46221K, capacity 48842K, committed 49064K, reserved 1091584K
  class space    used 6401K, capacity 7331K, committed 7336K, reserved 1048576K
Event: 1913.826 GC heap after
Heap after GC invocations=19 (full 3):
 PSYoungGen      total 242176K, used 6500K [0x00000000eab00000, 0x00000000fff80000, 0x0000000100000000)
  eden space 220672K, 0% used [0x00000000eab00000,0x00000000eab00000,0x00000000f8280000)
  from space 21504K, 30% used [0x00000000f9680000,0x00000000f9cd9028,0x00000000fab80000)
  to   space 20480K, 0% used [0x00000000f8280000,0x00000000f8280000,0x00000000f9680000)
 ParOldGen       total 80896K, used 48053K [0x00000000c0000000, 0x00000000c4f00000, 0x00000000eab00000)
  object space 80896K, 59% used [0x00000000c0000000,0x00000000c2eed680,0x00000000c4f00000)
 Metaspace       used 46221K, capacity 48842K, committed 49064K, reserved 1091584K
  class space    used 6401K, capacity 7331K, committed 7336K, reserved 1048576K
}

