# JRE version: Java(TM) SE Runtime Environment (8.0_45-b15) (build 1.8.0_45-b15)
# Java VM: Java HotSpot(TM) 64-Bit Server VM (25.45-b02 mixed mode windows-amd64 compressed oops)
Heap:
 PSYoungGen      total 258560K, used 57556K [0x00000000eab00000, 0x0000000100000000, 0x0000000100000000)
  eden space 240128K, 16% used [0x00000000eab00000,0x00000000ed21c9e8,0x00000000f9580000)
  from space 18432K, 94% used [0x00000000f9580000,0x00000000fa698658,0x00000000fa780000)
  to   space 20480K, 0% used [0x00000000fec00000,0x00000000fec00000,0x0000000100000000)
 ParOldGen       total 79360K, used 45654K [0x00000000c0000000, 0x00000000c4d80000, 0x00000000eab00000)
  object space 79360K, 57% used [0x00000000c0000000,0x00000000c2c959d0,0x00000000c4d80000)
 Metaspace       used 7827K, capacity 8158K, committed 8320K, reserved 1056768K
  class space    used 739K, capacity 785K, committed 896K, reserved 1048576K
GC Heap History (10 events):
Event: 3.623 GC heap before
{Heap before GC invocations=3 (full 0):
 PSYoungGen      total 65024K, used 65016K [0x00000000eab00000, 0x00000000eef00000, 0x0000000100000000)
  eden space 60416K, 100% used [0x00000000eab00000,0x00000000ee600000,0x00000000ee600000)
  from space 4608K, 99% used [0x00000000eea80000,0x00000000eeefe188,0x00000000eef00000)
  to   space 4608K, 0% used [0x00000000ee600000,0x00000000ee600000,0x00000000eea80000)
 ParOldGen       total 79360K, used 9613K [0x00000000c0000000, 0x00000000c4d80000, 0x00000000eab00000)
  object space 79360K, 12% used [0x00000000c0000000,0x00000000c0963528,0x00000000c4d80000)
 Metaspace       used 7668K, capacity 8152K, committed 8320K, reserved 1056768K
  class space    used 730K, capacity 784K, committed 896K, reserved 1048576K
Event: 3.647 GC heap after
Heap after GC invocations=3 (full 0):
 PSYoungGen      total 65024K, used 4601K [0x00000000eab00000, 0x00000000f2a00000, 0x0000000100000000)
  eden space 60416K, 0% used [0x00000000eab00000,0x00000000eab00000,0x00000000ee600000)
  from space 4608K, 99% used [0x00000000ee600000,0x00000000eea7e538,0x00000000eea80000)
  to   space 4608K, 0% used [0x00000000f2580000,0x00000000f2580000,0x00000000f2a00000)
 ParOldGen       total 79360K, used 17446K [0x00000000c0000000, 0x00000000c4d80000, 0x00000000eab00000)
  object space 79360K, 21% used [0x00000000c0000000,0x00000000c11099b8,0x00000000c4d80000)
 Metaspace       used 7668K, capacity 8152K, committed 8320K, reserved 1056768K
  class space    used 730K, capacity 784K, committed 896K, reserved 1048576K
}
Event: 4.021 GC heap before
{Heap before GC invocations=4 (full 0):
 PSYoungGen      total 65024K, used 64891K [0x00000000eab00000, 0x00000000f2a00000, 0x0000000100000000)
  eden space 60416K, 99% used [0x00000000eab00000,0x00000000ee5e07b0,0x00000000ee600000)
  from space 4608K, 99% used [0x00000000ee600000,0x00000000eea7e538,0x00000000eea80000)
  to   space 4608K, 0% used [0x00000000f2580000,0x00000000f2580000,0x00000000f2a00000)
 ParOldGen       total 79360K, used 17446K [0x00000000c0000000, 0x00000000c4d80000, 0x00000000eab00000)
  object space 79360K, 21% used [0x00000000c0000000,0x00000000c11099b8,0x00000000c4d80000)
 Metaspace       used 7783K, capacity 8158K, committed 8320K, reserved 1056768K
  class space    used 739K, capacity 785K, committed 896K, reserved 1048576K
Event: 4.048 GC heap after
Heap after GC invocations=4 (full 0):
 PSYoungGen      total 125440K, used 4595K [0x00000000eab00000, 0x00000000f2a00000, 0x0000000100000000)
  eden space 120832K, 0% used [0x00000000eab00000,0x00000000eab00000,0x00000000f2100000)
  from space 4608K, 99% used [0x00000000f2580000,0x00000000f29fcc08,0x00000000f2a00000)
  to   space 4608K, 0% used [0x00000000f2100000,0x00000000f2100000,0x00000000f2580000)
 ParOldGen       total 79360K, used 21679K [0x00000000c0000000, 0x00000000c4d80000, 0x00000000eab00000)
  object space 79360K, 27% used [0x00000000c0000000,0x00000000c152be00,0x00000000c4d80000)
 Metaspace       used 7783K, capacity 8158K, committed 8320K, reserved 1056768K
  class space    used 739K, capacity 785K, committed 896K, reserved 1048576K
}
Event: 4.789 GC heap before
{Heap before GC invocations=5 (full 0):
 PSYoungGen      total 125440K, used 125427K [0x00000000eab00000, 0x00000000f2a00000, 0x0000000100000000)
  eden space 120832K, 100% used [0x00000000eab00000,0x00000000f2100000,0x00000000f2100000)
  from space 4608K, 99% used [0x00000000f2580000,0x00000000f29fcc08,0x00000000f2a00000)
  to   space 4608K, 0% used [0x00000000f2100000,0x00000000f2100000,0x00000000f2580000)
 ParOldGen       total 79360K, used 21679K [0x00000000c0000000, 0x00000000c4d80000, 0x00000000eab00000)
  object space 79360K, 27% used [0x00000000c0000000,0x00000000c152be00,0x00000000c4d80000)
 Metaspace       used 7805K, capacity 8158K, committed 8320K, reserved 1056768K
  class space    used 739K, capacity 785K, committed 896K, reserved 1048576K
Event: 4.825 GC heap after
Heap after GC invocations=5 (full 0):
 PSYoungGen      total 125440K, used 4585K [0x00000000eab00000, 0x00000000fb800000, 0x0000000100000000)
  eden space 120832K, 0% used [0x00000000eab00000,0x00000000eab00000,0x00000000f2100000)
  from space 4608K, 99% used [0x00000000f2100000,0x00000000f257a538,0x00000000f2580000)
  to   space 16896K, 0% used [0x00000000fa780000,0x00000000fa780000,0x00000000fb800000)
 ParOldGen       total 79360K, used 32652K [0x00000000c0000000, 0x00000000c4d80000, 0x00000000eab00000)
  object space 79360K, 41% used [0x00000000c0000000,0x00000000c1fe30a8,0x00000000c4d80000)
 Metaspace       used 7805K, capacity 8158K, committed 8320K, reserved 1056768K
  class space    used 739K, capacity 785K, committed 896K, reserved 1048576K
}
Event: 5.305 GC heap before
{Heap before GC invocations=6 (full 0):
 PSYoungGen      total 125440K, used 125417K [0x00000000eab00000, 0x00000000fb800000, 0x0000000100000000)
  eden space 120832K, 100% used [0x00000000eab00000,0x00000000f2100000,0x00000000f2100000)
  from space 4608K, 99% used [0x00000000f2100000,0x00000000f257a538,0x00000000f2580000)
  to   space 16896K, 0% used [0x00000000fa780000,0x00000000fa780000,0x00000000fb800000)
 ParOldGen       total 79360K, used 32652K [0x00000000c0000000, 0x00000000c4d80000, 0x00000000eab00000)
  object space 79360K, 41% used [0x00000000c0000000,0x00000000c1fe30a8,0x00000000c4d80000)
 Metaspace       used 7812K, capacity 8158K, committed 8320K, reserved 1056768K
  class space    used 739K, capacity 785K, committed 896K, reserved 1048576K
Event: 5.351 GC heap after
Heap after GC invocations=6 (full 0):
 PSYoungGen      total 257024K, used 15829K [0x00000000eab00000, 0x00000000fbb00000, 0x0000000100000000)
  eden space 240128K, 0% used [0x00000000eab00000,0x00000000eab00000,0x00000000f9580000)
  from space 16896K, 93% used [0x00000000fa780000,0x00000000fb6f57e8,0x00000000fb800000)
  to   space 18432K, 0% used [0x00000000f9580000,0x00000000f9580000,0x00000000fa780000)
 ParOldGen       total 79360K, used 36611K [0x00000000c0000000, 0x00000000c4d80000, 0x00000000eab00000)
  object space 79360K, 46% used [0x00000000c0000000,0x00000000c23c0f50,0x00000000c4d80000)
 Metaspace       used 7812K, capacity 8158K, committed 8320K, reserved 1056768K
  class space    used 739K, capacity 785K, committed 896K, reserved 1048576K
}
Event: 6.243 GC heap before
{Heap before GC invocations=7 (full 0):
 PSYoungGen      total 257024K, used 255957K [0x00000000eab00000, 0x00000000fbb00000, 0x0000000100000000)
  eden space 240128K, 100% used [0x00000000eab00000,0x00000000f9580000,0x00000000f9580000)
  from space 16896K, 93% used [0x00000000fa780000,0x00000000fb6f57e8,0x00000000fb800000)
  to   space 18432K, 0% used [0x00000000f9580000,0x00000000f9580000,0x00000000fa780000)
 ParOldGen       total 79360K, used 36611K [0x00000000c0000000, 0x00000000c4d80000, 0x00000000eab00000)
  object space 79360K, 46% used [0x00000000c0000000,0x00000000c23c0f50,0x00000000c4d80000)
 Metaspace       used 7827K, capacity 8158K, committed 8320K, reserved 1056768K
  class space    used 739K, capacity 785K, committed 896K, reserved 1048576K
Event: 6.295 GC heap after
Heap after GC invocations=7 (full 0):
 PSYoungGen      total 258560K, used 17505K [0x00000000eab00000, 0x0000000100000000, 0x0000000100000000)
  eden space 240128K, 0% used [0x00000000eab00000,0x00000000eab00000,0x00000000f9580000)
  from space 18432K, 94% used [0x00000000f9580000,0x00000000fa698658,0x00000000fa780000)
  to   space 20480K, 0% used [0x00000000fec00000,0x00000000fec00000,0x0000000100000000)
 ParOldGen       total 79360K, used 45654K [0x00000000c0000000, 0x00000000c4d80000, 0x00000000eab00000)
  object space 79360K, 57% used [0x00000000c0000000,0x00000000c2c959d0,0x00000000c4d80000)
 Metaspace       used 7827K, capacity 8158K, committed 8320K, reserved 1056768K
  class space    used 739K, capacity 785K, committed 896K, reserved 1048576K
}

